#0 building with "default" instance using docker driver

#1 [internal] load build definition from Dockerfile
#1 transferring dockerfile: 1.52kB done
#1 DONE 0.0s

#2 [internal] load metadata for docker.io/tensorflow/tensorflow:2.6.0-gpu
#2 DONE 2.3s

#3 [internal] load .dockerignore
#3 transferring context: 2B done
#3 DONE 0.0s

#4 [internal] load build context
#4 transferring context: 100B done
#4 DONE 0.0s

#5 [1/7] FROM docker.io/tensorflow/tensorflow:2.6.0-gpu@sha256:e0510bc8ea7dfed3b1381f92891fae3ad5b75712984c3632a60cc164391bca29
#5 resolve docker.io/tensorflow/tensorflow:2.6.0-gpu@sha256:e0510bc8ea7dfed3b1381f92891fae3ad5b75712984c3632a60cc164391bca29 done
#5 DONE 0.1s

#5 [1/7] FROM docker.io/tensorflow/tensorflow:2.6.0-gpu@sha256:e0510bc8ea7dfed3b1381f92891fae3ad5b75712984c3632a60cc164391bca29
#5 sha256:5176f8b6ffeb7fa73969a44e28bbedc1bad91059dc594fc88e3ac718c3ab7116 0B / 1.09kB 0.2s
#5 sha256:278724afe733f63e386264d67cb0fd379fe3f71fe9530e7e4b30e30873821570 0B / 1.09kB 0.2s
#5 sha256:79fe8ab8015ff16992dace35d1c07c48c7c184b361c4aa9e3558f6d986bfe7a3 0B / 509.12MB 0.2s
#5 sha256:83e28b6f65140e44ab402f91f698cc9ae3edfa9b257aa12deaf740c40adabd4c 0B / 175B 0.2s
#5 sha256:5176f8b6ffeb7fa73969a44e28bbedc1bad91059dc594fc88e3ac718c3ab7116 1.09kB / 1.09kB 0.7s done
#5 sha256:cb9587cd9b21fa00c906aca518eb4f338bcdf722d6768a0aaf7aec8bcbaa85f0 0B / 4.06MB 0.2s
#5 sha256:83e28b6f65140e44ab402f91f698cc9ae3edfa9b257aa12deaf740c40adabd4c 175B / 175B 1.2s done
#5 sha256:8c9abcc99c8b12c75fb0c612ea33277bd43037d2278e674d3093451808333ee0 0B / 86.32MB 0.2s
#5 sha256:278724afe733f63e386264d67cb0fd379fe3f71fe9530e7e4b30e30873821570 1.09kB / 1.09kB 1.5s done
#5 sha256:f2d9d48e87a22cfaf207f8320c3fd1ae2adad2b3e0cd3db361d2fa6ff434b1cb 0B / 7.50kB 0.2s
#5 sha256:f2d9d48e87a22cfaf207f8320c3fd1ae2adad2b3e0cd3db361d2fa6ff434b1cb 7.50kB / 7.50kB 0.6s done
#5 sha256:7738a76fac167ffd07f15946a8e79d7bf88a29d80ce7d34db4d61cde6f549b57 0B / 280.30MB 0.2s
#5 sha256:cb9587cd9b21fa00c906aca518eb4f338bcdf722d6768a0aaf7aec8bcbaa85f0 1.05MB / 4.06MB 3.5s
#5 sha256:cb9587cd9b21fa00c906aca518eb4f338bcdf722d6768a0aaf7aec8bcbaa85f0 2.10MB / 4.06MB 4.5s
#5 sha256:79fe8ab8015ff16992dace35d1c07c48c7c184b361c4aa9e3558f6d986bfe7a3 6.29MB / 509.12MB 5.3s
#5 sha256:cb9587cd9b21fa00c906aca518eb4f338bcdf722d6768a0aaf7aec8bcbaa85f0 3.15MB / 4.06MB 5.1s
#5 sha256:cb9587cd9b21fa00c906aca518eb4f338bcdf722d6768a0aaf7aec8bcbaa85f0 4.06MB / 4.06MB 5.5s done
#5 sha256:b01b3ae0da9ae6b0292a2678623f346eeacdb6d0312a8cc5745dc85eb909ee79 0B / 1.87GB 0.2s
#5 sha256:8c9abcc99c8b12c75fb0c612ea33277bd43037d2278e674d3093451808333ee0 3.15MB / 86.32MB 5.3s
#5 sha256:7738a76fac167ffd07f15946a8e79d7bf88a29d80ce7d34db4d61cde6f549b57 6.29MB / 280.30MB 5.3s
#5 sha256:79fe8ab8015ff16992dace35d1c07c48c7c184b361c4aa9e3558f6d986bfe7a3 12.58MB / 509.12MB 10.4s
#5 sha256:8c9abcc99c8b12c75fb0c612ea33277bd43037d2278e674d3093451808333ee0 8.39MB / 86.32MB 9.2s
#5 sha256:b01b3ae0da9ae6b0292a2678623f346eeacdb6d0312a8cc5745dc85eb909ee79 3.15MB / 1.87GB 5.3s
#5 sha256:7738a76fac167ffd07f15946a8e79d7bf88a29d80ce7d34db4d61cde6f549b57 13.63MB / 280.30MB 10.4s
#5 sha256:8c9abcc99c8b12c75fb0c612ea33277bd43037d2278e674d3093451808333ee0 13.63MB / 86.32MB 13.1s
#5 sha256:79fe8ab8015ff16992dace35d1c07c48c7c184b361c4aa9e3558f6d986bfe7a3 17.83MB / 509.12MB 15.5s
#5 sha256:b01b3ae0da9ae6b0292a2678623f346eeacdb6d0312a8cc5745dc85eb909ee79 8.39MB / 1.87GB 10.4s
#5 sha256:7738a76fac167ffd07f15946a8e79d7bf88a29d80ce7d34db4d61cde6f549b57 20.97MB / 280.30MB 15.5s
#5 sha256:8c9abcc99c8b12c75fb0c612ea33277bd43037d2278e674d3093451808333ee0 18.87MB / 86.32MB 17.4s
#5 sha256:79fe8ab8015ff16992dace35d1c07c48c7c184b361c4aa9e3558f6d986bfe7a3 24.12MB / 509.12MB 20.6s
#5 sha256:b01b3ae0da9ae6b0292a2678623f346eeacdb6d0312a8cc5745dc85eb909ee79 17.83MB / 1.87GB 15.5s
#5 sha256:7738a76fac167ffd07f15946a8e79d7bf88a29d80ce7d34db4d61cde6f549b57 24.12MB / 280.30MB 20.6s
#5 sha256:8c9abcc99c8b12c75fb0c612ea33277bd43037d2278e674d3093451808333ee0 24.12MB / 86.32MB 21.8s
#5 sha256:79fe8ab8015ff16992dace35d1c07c48c7c184b361c4aa9e3558f6d986bfe7a3 31.46MB / 509.12MB 25.7s
#5 sha256:b01b3ae0da9ae6b0292a2678623f346eeacdb6d0312a8cc5745dc85eb909ee79 23.07MB / 1.87GB 20.6s
#0 building with "default" instance using docker driver

#1 [internal] load build definition from Dockerfile
#1 transferring dockerfile: 1.52kB done
#1 DONE 0.0s

#2 [internal] load metadata for docker.io/tensorflow/tensorflow:2.6.0-gpu
#2 DONE 1.0s

#3 [internal] load .dockerignore
#3 transferring context: 2B done
#3 DONE 0.0s

#4 [1/7] FROM docker.io/tensorflow/tensorflow:2.6.0-gpu@sha256:e0510bc8ea7dfed3b1381f92891fae3ad5b75712984c3632a60cc164391bca29
#4 resolve docker.io/tensorflow/tensorflow:2.6.0-gpu@sha256:e0510bc8ea7dfed3b1381f92891fae3ad5b75712984c3632a60cc164391bca29 done
#4 ...

#5 [internal] load build context
#5 transferring context: 463B done
#5 DONE 0.1s

#4 [1/7] FROM docker.io/tensorflow/tensorflow:2.6.0-gpu@sha256:e0510bc8ea7dfed3b1381f92891fae3ad5b75712984c3632a60cc164391bca29
#4 sha256:79fe8ab8015ff16992dace35d1c07c48c7c184b361c4aa9e3558f6d986bfe7a3 33.55MB / 509.12MB 0.2s
#4 sha256:8c9abcc99c8b12c75fb0c612ea33277bd43037d2278e674d3093451808333ee0 27.26MB / 86.32MB 0.2s
#4 sha256:7738a76fac167ffd07f15946a8e79d7bf88a29d80ce7d34db4d61cde6f549b57 30.41MB / 280.30MB 0.2s
#4 sha256:b01b3ae0da9ae6b0292a2678623f346eeacdb6d0312a8cc5745dc85eb909ee79 23.07MB / 1.87GB 0.2s
#4 sha256:8c9abcc99c8b12c75fb0c612ea33277bd43037d2278e674d3093451808333ee0 32.51MB / 86.32MB 3.8s
#4 sha256:79fe8ab8015ff16992dace35d1c07c48c7c184b361c4aa9e3558f6d986bfe7a3 37.75MB / 509.12MB 5.3s
#4 sha256:7738a76fac167ffd07f15946a8e79d7bf88a29d80ce7d34db4d61cde6f549b57 40.89MB / 280.30MB 5.3s
#4 sha256:b01b3ae0da9ae6b0292a2678623f346eeacdb6d0312a8cc5745dc85eb909ee79 23.07MB / 1.87GB 5.3s
#4 sha256:8c9abcc99c8b12c75fb0c612ea33277bd43037d2278e674d3093451808333ee0 37.75MB / 86.32MB 8.9s
#4 sha256:79fe8ab8015ff16992dace35d1c07c48c7c184b361c4aa9e3558f6d986bfe7a3 41.94MB / 509.12MB 10.4s
#4 sha256:7738a76fac167ffd07f15946a8e79d7bf88a29d80ce7d34db4d61cde6f549b57 53.48MB / 280.30MB 10.4s
#4 sha256:b01b3ae0da9ae6b0292a2678623f346eeacdb6d0312a8cc5745dc85eb909ee79 26.21MB / 1.87GB 10.4s
#4 sha256:8c9abcc99c8b12c75fb0c612ea33277bd43037d2278e674d3093451808333ee0 42.99MB / 86.32MB 13.7s
#4 sha256:79fe8ab8015ff16992dace35d1c07c48c7c184b361c4aa9e3558f6d986bfe7a3 46.14MB / 509.12MB 15.5s
#4 sha256:7738a76fac167ffd07f15946a8e79d7bf88a29d80ce7d34db4d61cde6f549b57 66.06MB / 280.30MB 15.5s
#4 sha256:b01b3ae0da9ae6b0292a2678623f346eeacdb6d0312a8cc5745dc85eb909ee79 30.41MB / 1.87GB 15.5s
#4 sha256:8c9abcc99c8b12c75fb0c612ea33277bd43037d2278e674d3093451808333ee0 46.14MB / 86.32MB 18.8s
#4 sha256:79fe8ab8015ff16992dace35d1c07c48c7c184b361c4aa9e3558f6d986bfe7a3 50.33MB / 509.12MB 20.6s
#4 sha256:7738a76fac167ffd07f15946a8e79d7bf88a29d80ce7d34db4d61cde6f549b57 78.64MB / 280.30MB 20.6s
#4 sha256:b01b3ae0da9ae6b0292a2678623f346eeacdb6d0312a8cc5745dc85eb909ee79 33.55MB / 1.87GB 20.6s
#4 sha256:8c9abcc99c8b12c75fb0c612ea33277bd43037d2278e674d3093451808333ee0 51.38MB / 86.32MB 23.0s
#4 sha256:79fe8ab8015ff16992dace35d1c07c48c7c184b361c4aa9e3558f6d986bfe7a3 55.57MB / 509.12MB 25.7s
#4 sha256:7738a76fac167ffd07f15946a8e79d7bf88a29d80ce7d34db4d61cde6f549b57 91.23MB / 280.30MB 25.7s
#4 sha256:b01b3ae0da9ae6b0292a2678623f346eeacdb6d0312a8cc5745dc85eb909ee79 36.70MB / 1.87GB 25.7s
#4 sha256:8c9abcc99c8b12c75fb0c612ea33277bd43037d2278e674d3093451808333ee0 55.57MB / 86.32MB 28.1s
#4 sha256:79fe8ab8015ff16992dace35d1c07c48c7c184b361c4aa9e3558f6d986bfe7a3 59.77MB / 509.12MB 30.8s
#4 sha256:7738a76fac167ffd07f15946a8e79d7bf88a29d80ce7d34db4d61cde6f549b57 103.81MB / 280.30MB 30.8s
#4 sha256:b01b3ae0da9ae6b0292a2678623f346eeacdb6d0312a8cc5745dc85eb909ee79 40.89MB / 1.87GB 30.8s
#4 sha256:8c9abcc99c8b12c75fb0c612ea33277bd43037d2278e674d3093451808333ee0 59.77MB / 86.32MB 33.2s
#4 sha256:79fe8ab8015ff16992dace35d1c07c48c7c184b361c4aa9e3558f6d986bfe7a3 63.96MB / 509.12MB 35.9s
#4 sha256:7738a76fac167ffd07f15946a8e79d7bf88a29d80ce7d34db4d61cde6f549b57 116.39MB / 280.30MB 35.9s
#4 sha256:b01b3ae0da9ae6b0292a2678623f346eeacdb6d0312a8cc5745dc85eb909ee79 44.04MB / 1.87GB 35.9s
#4 sha256:8c9abcc99c8b12c75fb0c612ea33277bd43037d2278e674d3093451808333ee0 63.96MB / 86.32MB 38.3s
#4 sha256:79fe8ab8015ff16992dace35d1c07c48c7c184b361c4aa9e3558f6d986bfe7a3 68.16MB / 509.12MB 41.0s
#4 sha256:7738a76fac167ffd07f15946a8e79d7bf88a29d80ce7d34db4d61cde6f549b57 128.97MB / 280.30MB 41.0s
#4 sha256:b01b3ae0da9ae6b0292a2678623f346eeacdb6d0312a8cc5745dc85eb909ee79 47.19MB / 1.87GB 41.0s
#4 sha256:8c9abcc99c8b12c75fb0c612ea33277bd43037d2278e674d3093451808333ee0 69.21MB / 86.32MB 43.1s
#4 sha256:79fe8ab8015ff16992dace35d1c07c48c7c184b361c4aa9e3558f6d986bfe7a3 71.30MB / 509.12MB 46.1s
#4 sha256:7738a76fac167ffd07f15946a8e79d7bf88a29d80ce7d34db4d61cde6f549b57 141.56MB / 280.30MB 46.1s
#4 sha256:b01b3ae0da9ae6b0292a2678623f346eeacdb6d0312a8cc5745dc85eb909ee79 49.28MB / 1.87GB 46.1s
#4 sha256:8c9abcc99c8b12c75fb0c612ea33277bd43037d2278e674d3093451808333ee0 74.45MB / 86.32MB 46.5s
#4 sha256:79fe8ab8015ff16992dace35d1c07c48c7c184b361c4aa9e3558f6d986bfe7a3 74.45MB / 509.12MB 51.2s
#4 sha256:7738a76fac167ffd07f15946a8e79d7bf88a29d80ce7d34db4d61cde6f549b57 154.14MB / 280.30MB 51.2s
#4 sha256:b01b3ae0da9ae6b0292a2678623f346eeacdb6d0312a8cc5745dc85eb909ee79 54.53MB / 1.87GB 51.2s
#4 sha256:8c9abcc99c8b12c75fb0c612ea33277bd43037d2278e674d3093451808333ee0 77.59MB / 86.32MB 51.6s
#4 sha256:79fe8ab8015ff16992dace35d1c07c48c7c184b361c4aa9e3558f6d986bfe7a3 78.64MB / 509.12MB 56.3s
#4 sha256:7738a76fac167ffd07f15946a8e79d7bf88a29d80ce7d34db4d61cde6f549b57 166.72MB / 280.30MB 56.3s
#4 sha256:b01b3ae0da9ae6b0292a2678623f346eeacdb6d0312a8cc5745dc85eb909ee79 58.72MB / 1.87GB 56.3s
#4 sha256:8c9abcc99c8b12c75fb0c612ea33277bd43037d2278e674d3093451808333ee0 82.84MB / 86.32MB 56.7s
#4 sha256:8c9abcc99c8b12c75fb0c612ea33277bd43037d2278e674d3093451808333ee0 86.32MB / 86.32MB 60.5s done
#4 sha256:2fd0c596978a16cf8c61fe1d34aa8db869b6d95bc68b4459948b47c722eedb1e 0B / 6.43kB 0.2s
#4 sha256:79fe8ab8015ff16992dace35d1c07c48c7c184b361c4aa9e3558f6d986bfe7a3 82.84MB / 509.12MB 61.4s
#4 sha256:7738a76fac167ffd07f15946a8e79d7bf88a29d80ce7d34db4d61cde6f549b57 179.31MB / 280.30MB 61.4s
#4 sha256:b01b3ae0da9ae6b0292a2678623f346eeacdb6d0312a8cc5745dc85eb909ee79 63.96MB / 1.87GB 61.4s
#4 sha256:2fd0c596978a16cf8c61fe1d34aa8db869b6d95bc68b4459948b47c722eedb1e 6.43kB / 6.43kB 1.8s done
#4 sha256:686be12dcdbc2cfbbbe8e39604e6278273ba6f7f9901a195358d3326c71e1453 0B / 11.04MB 0.2s
#4 sha256:686be12dcdbc2cfbbbe8e39604e6278273ba6f7f9901a195358d3326c71e1453 1.05MB / 11.04MB 2.1s
#4 sha256:686be12dcdbc2cfbbbe8e39604e6278273ba6f7f9901a195358d3326c71e1453 2.10MB / 11.04MB 3.2s
#4 sha256:79fe8ab8015ff16992dace35d1c07c48c7c184b361c4aa9e3558f6d986bfe7a3 88.08MB / 509.12MB 66.5s
#4 sha256:7738a76fac167ffd07f15946a8e79d7bf88a29d80ce7d34db4d61cde6f549b57 191.89MB / 280.30MB 66.5s
#4 sha256:b01b3ae0da9ae6b0292a2678623f346eeacdb6d0312a8cc5745dc85eb909ee79 68.16MB / 1.87GB 66.5s
#4 sha256:686be12dcdbc2cfbbbe8e39604e6278273ba6f7f9901a195358d3326c71e1453 3.15MB / 11.04MB 4.4s
#4 sha256:686be12dcdbc2cfbbbe8e39604e6278273ba6f7f9901a195358d3326c71e1453 4.19MB / 11.04MB 5.4s
#4 sha256:686be12dcdbc2cfbbbe8e39604e6278273ba6f7f9901a195358d3326c71e1453 5.24MB / 11.04MB 6.6s
#4 sha256:686be12dcdbc2cfbbbe8e39604e6278273ba6f7f9901a195358d3326c71e1453 6.29MB / 11.04MB 8.0s
#4 sha256:686be12dcdbc2cfbbbe8e39604e6278273ba6f7f9901a195358d3326c71e1453 7.34MB / 11.04MB 9.0s
#4 sha256:79fe8ab8015ff16992dace35d1c07c48c7c184b361c4aa9e3558f6d986bfe7a3 91.23MB / 509.12MB 71.6s
#4 sha256:7738a76fac167ffd07f15946a8e79d7bf88a29d80ce7d34db4d61cde6f549b57 204.47MB / 280.30MB 71.6s
#4 sha256:b01b3ae0da9ae6b0292a2678623f346eeacdb6d0312a8cc5745dc85eb909ee79 71.30MB / 1.87GB 71.6s
#4 sha256:686be12dcdbc2cfbbbe8e39604e6278273ba6f7f9901a195358d3326c71e1453 8.39MB / 11.04MB 9.6s
#4 sha256:686be12dcdbc2cfbbbe8e39604e6278273ba6f7f9901a195358d3326c71e1453 9.44MB / 11.04MB 10.2s
#4 sha256:686be12dcdbc2cfbbbe8e39604e6278273ba6f7f9901a195358d3326c71e1453 10.49MB / 11.04MB 11.0s
#4 sha256:686be12dcdbc2cfbbbe8e39604e6278273ba6f7f9901a195358d3326c71e1453 11.04MB / 11.04MB 11.2s done
#4 sha256:41d1f08ba46a057ca2bfde4eaec1e6b722a7993cc0e83572f532c612d54ac976 0B / 184B 0.2s
#4 sha256:41d1f08ba46a057ca2bfde4eaec1e6b722a7993cc0e83572f532c612d54ac976 184B / 184B 0.7s done
#4 sha256:85e4297d3dd66f68ca5c7da52bca81c8e2713a3ed98256e9992733683feb66fa 0B / 7.22MB 0.2s
#4 sha256:79fe8ab8015ff16992dace35d1c07c48c7c184b361c4aa9e3558f6d986bfe7a3 96.47MB / 509.12MB 76.7s
#4 sha256:7738a76fac167ffd07f15946a8e79d7bf88a29d80ce7d34db4d61cde6f549b57 217.06MB / 280.30MB 76.7s
#4 sha256:b01b3ae0da9ae6b0292a2678623f346eeacdb6d0312a8cc5745dc85eb909ee79 75.50MB / 1.87GB 76.7s
#4 sha256:85e4297d3dd66f68ca5c7da52bca81c8e2713a3ed98256e9992733683feb66fa 1.05MB / 7.22MB 2.9s
#4 sha256:85e4297d3dd66f68ca5c7da52bca81c8e2713a3ed98256e9992733683feb66fa 2.10MB / 7.22MB 3.5s
#4 sha256:85e4297d3dd66f68ca5c7da52bca81c8e2713a3ed98256e9992733683feb66fa 3.15MB / 7.22MB 4.1s
#4 sha256:85e4297d3dd66f68ca5c7da52bca81c8e2713a3ed98256e9992733683feb66fa 4.19MB / 7.22MB 4.7s
#4 sha256:85e4297d3dd66f68ca5c7da52bca81c8e2713a3ed98256e9992733683feb66fa 5.24MB / 7.22MB 5.3s
#4 sha256:85e4297d3dd66f68ca5c7da52bca81c8e2713a3ed98256e9992733683feb66fa 6.29MB / 7.22MB 5.9s
#4 sha256:85e4297d3dd66f68ca5c7da52bca81c8e2713a3ed98256e9992733683feb66fa 7.22MB / 7.22MB 6.3s done
#4 sha256:feac5306138255e28a9862d3f3d29025d0a4d0648855afe1acd6131af07138ac 0B / 26.71MB 0.2s
#4 sha256:79fe8ab8015ff16992dace35d1c07c48c7c184b361c4aa9e3558f6d986bfe7a3 100.66MB / 509.12MB 81.8s
#4 sha256:7738a76fac167ffd07f15946a8e79d7bf88a29d80ce7d34db4d61cde6f549b57 229.64MB / 280.30MB 81.8s
#4 sha256:b01b3ae0da9ae6b0292a2678623f346eeacdb6d0312a8cc5745dc85eb909ee79 76.55MB / 1.87GB 81.8s
#4 sha256:feac5306138255e28a9862d3f3d29025d0a4d0648855afe1acd6131af07138ac 2.10MB / 26.71MB 2.0s
#4 sha256:feac5306138255e28a9862d3f3d29025d0a4d0648855afe1acd6131af07138ac 4.19MB / 26.71MB 3.2s
#4 sha256:feac5306138255e28a9862d3f3d29025d0a4d0648855afe1acd6131af07138ac 6.29MB / 26.71MB 4.4s
#4 sha256:feac5306138255e28a9862d3f3d29025d0a4d0648855afe1acd6131af07138ac 8.39MB / 26.71MB 5.7s
#4 sha256:79fe8ab8015ff16992dace35d1c07c48c7c184b361c4aa9e3558f6d986bfe7a3 102.76MB / 509.12MB 86.9s
#4 sha256:7738a76fac167ffd07f15946a8e79d7bf88a29d80ce7d34db4d61cde6f549b57 242.22MB / 280.30MB 86.9s
#4 sha256:b01b3ae0da9ae6b0292a2678623f346eeacdb6d0312a8cc5745dc85eb909ee79 78.64MB / 1.87GB 86.9s
#4 sha256:feac5306138255e28a9862d3f3d29025d0a4d0648855afe1acd6131af07138ac 10.49MB / 26.71MB 8.0s
#4 sha256:79fe8ab8015ff16992dace35d1c07c48c7c184b361c4aa9e3558f6d986bfe7a3 106.95MB / 509.12MB 92.0s
#4 sha256:feac5306138255e28a9862d3f3d29025d0a4d0648855afe1acd6131af07138ac 12.58MB / 26.71MB 11.4s
#4 sha256:7738a76fac167ffd07f15946a8e79d7bf88a29d80ce7d34db4d61cde6f549b57 254.80MB / 280.30MB 92.0s
#4 sha256:b01b3ae0da9ae6b0292a2678623f346eeacdb6d0312a8cc5745dc85eb909ee79 83.89MB / 1.87GB 92.0s
#4 sha256:feac5306138255e28a9862d3f3d29025d0a4d0648855afe1acd6131af07138ac 14.68MB / 26.71MB 15.3s
#4 sha256:79fe8ab8015ff16992dace35d1c07c48c7c184b361c4aa9e3558f6d986bfe7a3 111.15MB / 509.12MB 97.1s
#4 sha256:7738a76fac167ffd07f15946a8e79d7bf88a29d80ce7d34db4d61cde6f549b57 267.39MB / 280.30MB 97.1s
#4 sha256:b01b3ae0da9ae6b0292a2678623f346eeacdb6d0312a8cc5745dc85eb909ee79 89.13MB / 1.87GB 97.1s
#4 sha256:feac5306138255e28a9862d3f3d29025d0a4d0648855afe1acd6131af07138ac 16.78MB / 26.71MB 18.8s
#4 sha256:feac5306138255e28a9862d3f3d29025d0a4d0648855afe1acd6131af07138ac 18.87MB / 26.71MB 20.9s
#4 sha256:79fe8ab8015ff16992dace35d1c07c48c7c184b361c4aa9e3558f6d986bfe7a3 114.29MB / 509.12MB 102.2s
#4 sha256:7738a76fac167ffd07f15946a8e79d7bf88a29d80ce7d34db4d61cde6f549b57 280.30MB / 280.30MB 102.1s done
#4 sha256:b01b3ae0da9ae6b0292a2678623f346eeacdb6d0312a8cc5745dc85eb909ee79 93.32MB / 1.87GB 102.2s
#4 sha256:feac5306138255e28a9862d3f3d29025d0a4d0648855afe1acd6131af07138ac 20.97MB / 26.71MB 22.8s
#4 sha256:feac5306138255e28a9862d3f3d29025d0a4d0648855afe1acd6131af07138ac 23.07MB / 26.71MB 24.8s
#4 sha256:feac5306138255e28a9862d3f3d29025d0a4d0648855afe1acd6131af07138ac 25.17MB / 26.71MB 26.6s
#4 sha256:79fe8ab8015ff16992dace35d1c07c48c7c184b361c4aa9e3558f6d986bfe7a3 118.49MB / 509.12MB 107.3s
#4 sha256:b01b3ae0da9ae6b0292a2678623f346eeacdb6d0312a8cc5745dc85eb909ee79 97.52MB / 1.87GB 107.3s
#4 sha256:feac5306138255e28a9862d3f3d29025d0a4d0648855afe1acd6131af07138ac 26.71MB / 26.71MB 28.0s done
#4 extracting sha256:feac5306138255e28a9862d3f3d29025d0a4d0648855afe1acd6131af07138ac
#4 extracting sha256:feac5306138255e28a9862d3f3d29025d0a4d0648855afe1acd6131af07138ac 0.3s done
#4 extracting sha256:85e4297d3dd66f68ca5c7da52bca81c8e2713a3ed98256e9992733683feb66fa 0.1s done
#4 extracting sha256:686be12dcdbc2cfbbbe8e39604e6278273ba6f7f9901a195358d3326c71e1453 0.1s done
#4 extracting sha256:41d1f08ba46a057ca2bfde4eaec1e6b722a7993cc0e83572f532c612d54ac976 done
#4 extracting sha256:2fd0c596978a16cf8c61fe1d34aa8db869b6d95bc68b4459948b47c722eedb1e done
#4 sha256:79fe8ab8015ff16992dace35d1c07c48c7c184b361c4aa9e3558f6d986bfe7a3 123.73MB / 509.12MB 112.4s
#4 sha256:b01b3ae0da9ae6b0292a2678623f346eeacdb6d0312a8cc5745dc85eb909ee79 102.76MB / 1.87GB 112.4s
#4 sha256:79fe8ab8015ff16992dace35d1c07c48c7c184b361c4aa9e3558f6d986bfe7a3 130.02MB / 509.12MB 117.5s
#4 sha256:b01b3ae0da9ae6b0292a2678623f346eeacdb6d0312a8cc5745dc85eb909ee79 109.05MB / 1.87GB 117.5s
#4 sha256:79fe8ab8015ff16992dace35d1c07c48c7c184b361c4aa9e3558f6d986bfe7a3 136.31MB / 509.12MB 122.6s
#4 sha256:b01b3ae0da9ae6b0292a2678623f346eeacdb6d0312a8cc5745dc85eb909ee79 115.34MB / 1.87GB 122.6s
#4 sha256:79fe8ab8015ff16992dace35d1c07c48c7c184b361c4aa9e3558f6d986bfe7a3 142.61MB / 509.12MB 127.7s
#4 sha256:b01b3ae0da9ae6b0292a2678623f346eeacdb6d0312a8cc5745dc85eb909ee79 121.63MB / 1.87GB 127.7s
#4 sha256:79fe8ab8015ff16992dace35d1c07c48c7c184b361c4aa9e3558f6d986bfe7a3 147.85MB / 509.12MB 132.8s
#4 sha256:b01b3ae0da9ae6b0292a2678623f346eeacdb6d0312a8cc5745dc85eb909ee79 127.93MB / 1.87GB 132.8s
#4 sha256:79fe8ab8015ff16992dace35d1c07c48c7c184b361c4aa9e3558f6d986bfe7a3 153.09MB / 509.12MB 137.9s
#4 sha256:b01b3ae0da9ae6b0292a2678623f346eeacdb6d0312a8cc5745dc85eb909ee79 135.27MB / 1.87GB 137.9s
#4 sha256:79fe8ab8015ff16992dace35d1c07c48c7c184b361c4aa9e3558f6d986bfe7a3 159.38MB / 509.12MB 143.0s
#4 sha256:b01b3ae0da9ae6b0292a2678623f346eeacdb6d0312a8cc5745dc85eb909ee79 141.56MB / 1.87GB 143.0s
#4 sha256:79fe8ab8015ff16992dace35d1c07c48c7c184b361c4aa9e3558f6d986bfe7a3 165.68MB / 509.12MB 148.1s
#4 sha256:b01b3ae0da9ae6b0292a2678623f346eeacdb6d0312a8cc5745dc85eb909ee79 147.85MB / 1.87GB 148.1s
#4 sha256:79fe8ab8015ff16992dace35d1c07c48c7c184b361c4aa9e3558f6d986bfe7a3 171.97MB / 509.12MB 153.2s
#4 sha256:b01b3ae0da9ae6b0292a2678623f346eeacdb6d0312a8cc5745dc85eb909ee79 154.14MB / 1.87GB 153.2s
#4 sha256:79fe8ab8015ff16992dace35d1c07c48c7c184b361c4aa9e3558f6d986bfe7a3 179.31MB / 509.12MB 158.3s
#4 sha256:b01b3ae0da9ae6b0292a2678623f346eeacdb6d0312a8cc5745dc85eb909ee79 160.43MB / 1.87GB 158.3s
#4 sha256:79fe8ab8015ff16992dace35d1c07c48c7c184b361c4aa9e3558f6d986bfe7a3 184.55MB / 509.12MB 163.4s
#4 sha256:b01b3ae0da9ae6b0292a2678623f346eeacdb6d0312a8cc5745dc85eb909ee79 166.72MB / 1.87GB 163.4s
#4 sha256:79fe8ab8015ff16992dace35d1c07c48c7c184b361c4aa9e3558f6d986bfe7a3 189.79MB / 509.12MB 168.5s
#4 sha256:b01b3ae0da9ae6b0292a2678623f346eeacdb6d0312a8cc5745dc85eb909ee79 174.06MB / 1.87GB 168.5s
#4 sha256:79fe8ab8015ff16992dace35d1c07c48c7c184b361c4aa9e3558f6d986bfe7a3 196.08MB / 509.12MB 173.6s
#4 sha256:b01b3ae0da9ae6b0292a2678623f346eeacdb6d0312a8cc5745dc85eb909ee79 180.36MB / 1.87GB 173.6s
#4 sha256:79fe8ab8015ff16992dace35d1c07c48c7c184b361c4aa9e3558f6d986bfe7a3 202.38MB / 509.12MB 178.7s
#4 sha256:b01b3ae0da9ae6b0292a2678623f346eeacdb6d0312a8cc5745dc85eb909ee79 186.65MB / 1.87GB 178.7s
#4 sha256:79fe8ab8015ff16992dace35d1c07c48c7c184b361c4aa9e3558f6d986bfe7a3 209.72MB / 509.12MB 183.8s
#4 sha256:b01b3ae0da9ae6b0292a2678623f346eeacdb6d0312a8cc5745dc85eb909ee79 191.89MB / 1.87GB 183.8s
#4 sha256:79fe8ab8015ff16992dace35d1c07c48c7c184b361c4aa9e3558f6d986bfe7a3 216.01MB / 509.12MB 188.9s
#4 sha256:b01b3ae0da9ae6b0292a2678623f346eeacdb6d0312a8cc5745dc85eb909ee79 197.13MB / 1.87GB 188.9s
#4 sha256:79fe8ab8015ff16992dace35d1c07c48c7c184b361c4aa9e3558f6d986bfe7a3 222.30MB / 509.12MB 194.0s
#4 sha256:b01b3ae0da9ae6b0292a2678623f346eeacdb6d0312a8cc5745dc85eb909ee79 203.42MB / 1.87GB 194.0s
#4 sha256:79fe8ab8015ff16992dace35d1c07c48c7c184b361c4aa9e3558f6d986bfe7a3 228.59MB / 509.12MB 199.1s
#4 sha256:b01b3ae0da9ae6b0292a2678623f346eeacdb6d0312a8cc5745dc85eb909ee79 209.72MB / 1.87GB 199.1s
#4 sha256:79fe8ab8015ff16992dace35d1c07c48c7c184b361c4aa9e3558f6d986bfe7a3 233.83MB / 509.12MB 204.2s
#4 sha256:b01b3ae0da9ae6b0292a2678623f346eeacdb6d0312a8cc5745dc85eb909ee79 217.06MB / 1.87GB 204.2s
#4 sha256:79fe8ab8015ff16992dace35d1c07c48c7c184b361c4aa9e3558f6d986bfe7a3 239.08MB / 509.12MB 209.3s
#4 sha256:b01b3ae0da9ae6b0292a2678623f346eeacdb6d0312a8cc5745dc85eb909ee79 224.40MB / 1.87GB 209.3s
#4 sha256:79fe8ab8015ff16992dace35d1c07c48c7c184b361c4aa9e3558f6d986bfe7a3 245.37MB / 509.12MB 214.4s
#4 sha256:b01b3ae0da9ae6b0292a2678623f346eeacdb6d0312a8cc5745dc85eb909ee79 230.69MB / 1.87GB 214.4s
#4 sha256:79fe8ab8015ff16992dace35d1c07c48c7c184b361c4aa9e3558f6d986bfe7a3 251.66MB / 509.12MB 219.5s
#4 sha256:b01b3ae0da9ae6b0292a2678623f346eeacdb6d0312a8cc5745dc85eb909ee79 236.98MB / 1.87GB 219.5s
#4 sha256:79fe8ab8015ff16992dace35d1c07c48c7c184b361c4aa9e3558f6d986bfe7a3 257.95MB / 509.12MB 224.6s
#4 sha256:b01b3ae0da9ae6b0292a2678623f346eeacdb6d0312a8cc5745dc85eb909ee79 243.27MB / 1.87GB 224.6s
#4 sha256:79fe8ab8015ff16992dace35d1c07c48c7c184b361c4aa9e3558f6d986bfe7a3 264.24MB / 509.12MB 229.7s
#4 sha256:b01b3ae0da9ae6b0292a2678623f346eeacdb6d0312a8cc5745dc85eb909ee79 249.56MB / 1.87GB 229.7s
#4 sha256:79fe8ab8015ff16992dace35d1c07c48c7c184b361c4aa9e3558f6d986bfe7a3 269.48MB / 509.12MB 234.8s
#4 sha256:b01b3ae0da9ae6b0292a2678623f346eeacdb6d0312a8cc5745dc85eb909ee79 256.90MB / 1.87GB 234.8s
#4 sha256:79fe8ab8015ff16992dace35d1c07c48c7c184b361c4aa9e3558f6d986bfe7a3 273.68MB / 509.12MB 239.9s
#4 sha256:b01b3ae0da9ae6b0292a2678623f346eeacdb6d0312a8cc5745dc85eb909ee79 264.24MB / 1.87GB 239.9s
#4 sha256:79fe8ab8015ff16992dace35d1c07c48c7c184b361c4aa9e3558f6d986bfe7a3 279.97MB / 509.12MB 245.0s
#4 sha256:b01b3ae0da9ae6b0292a2678623f346eeacdb6d0312a8cc5745dc85eb909ee79 270.53MB / 1.87GB 245.0s
#4 sha256:79fe8ab8015ff16992dace35d1c07c48c7c184b361c4aa9e3558f6d986bfe7a3 287.31MB / 509.12MB 250.1s
#4 sha256:b01b3ae0da9ae6b0292a2678623f346eeacdb6d0312a8cc5745dc85eb909ee79 276.82MB / 1.87GB 250.1s
#4 sha256:79fe8ab8015ff16992dace35d1c07c48c7c184b361c4aa9e3558f6d986bfe7a3 292.55MB / 509.12MB 255.2s
#4 sha256:b01b3ae0da9ae6b0292a2678623f346eeacdb6d0312a8cc5745dc85eb909ee79 283.12MB / 1.87GB 255.2s
#4 sha256:79fe8ab8015ff16992dace35d1c07c48c7c184b361c4aa9e3558f6d986bfe7a3 298.84MB / 509.12MB 260.3s
#4 sha256:b01b3ae0da9ae6b0292a2678623f346eeacdb6d0312a8cc5745dc85eb909ee79 290.46MB / 1.87GB 260.3s
#4 sha256:79fe8ab8015ff16992dace35d1c07c48c7c184b361c4aa9e3558f6d986bfe7a3 305.14MB / 509.12MB 265.4s
#4 sha256:b01b3ae0da9ae6b0292a2678623f346eeacdb6d0312a8cc5745dc85eb909ee79 295.70MB / 1.87GB 265.4s
#4 sha256:79fe8ab8015ff16992dace35d1c07c48c7c184b361c4aa9e3558f6d986bfe7a3 311.43MB / 509.12MB 270.5s
#4 sha256:b01b3ae0da9ae6b0292a2678623f346eeacdb6d0312a8cc5745dc85eb909ee79 301.99MB / 1.87GB 270.5s
#4 sha256:79fe8ab8015ff16992dace35d1c07c48c7c184b361c4aa9e3558f6d986bfe7a3 317.72MB / 509.12MB 275.6s
#4 sha256:b01b3ae0da9ae6b0292a2678623f346eeacdb6d0312a8cc5745dc85eb909ee79 309.33MB / 1.87GB 275.6s
#4 sha256:79fe8ab8015ff16992dace35d1c07c48c7c184b361c4aa9e3558f6d986bfe7a3 322.96MB / 509.12MB 280.7s
#4 sha256:b01b3ae0da9ae6b0292a2678623f346eeacdb6d0312a8cc5745dc85eb909ee79 315.62MB / 1.87GB 280.7s
#4 sha256:79fe8ab8015ff16992dace35d1c07c48c7c184b361c4aa9e3558f6d986bfe7a3 329.25MB / 509.12MB 285.8s
#4 sha256:b01b3ae0da9ae6b0292a2678623f346eeacdb6d0312a8cc5745dc85eb909ee79 321.91MB / 1.87GB 285.8s
#4 sha256:79fe8ab8015ff16992dace35d1c07c48c7c184b361c4aa9e3558f6d986bfe7a3 335.54MB / 509.12MB 290.9s
#4 sha256:b01b3ae0da9ae6b0292a2678623f346eeacdb6d0312a8cc5745dc85eb909ee79 328.20MB / 1.87GB 290.9s
#4 sha256:79fe8ab8015ff16992dace35d1c07c48c7c184b361c4aa9e3558f6d986bfe7a3 341.84MB / 509.12MB 296.0s
#4 sha256:b01b3ae0da9ae6b0292a2678623f346eeacdb6d0312a8cc5745dc85eb909ee79 333.45MB / 1.87GB 296.0s
#4 sha256:79fe8ab8015ff16992dace35d1c07c48c7c184b361c4aa9e3558f6d986bfe7a3 349.18MB / 509.12MB 301.1s
#4 sha256:b01b3ae0da9ae6b0292a2678623f346eeacdb6d0312a8cc5745dc85eb909ee79 339.74MB / 1.87GB 301.1s
#4 sha256:79fe8ab8015ff16992dace35d1c07c48c7c184b361c4aa9e3558f6d986bfe7a3 355.47MB / 509.12MB 306.2s
#4 sha256:b01b3ae0da9ae6b0292a2678623f346eeacdb6d0312a8cc5745dc85eb909ee79 346.03MB / 1.87GB 306.2s
#4 sha256:79fe8ab8015ff16992dace35d1c07c48c7c184b361c4aa9e3558f6d986bfe7a3 360.71MB / 509.12MB 311.3s
#4 sha256:b01b3ae0da9ae6b0292a2678623f346eeacdb6d0312a8cc5745dc85eb909ee79 352.32MB / 1.87GB 311.3s
#4 sha256:79fe8ab8015ff16992dace35d1c07c48c7c184b361c4aa9e3558f6d986bfe7a3 367.00MB / 509.12MB 316.4s
#4 sha256:b01b3ae0da9ae6b0292a2678623f346eeacdb6d0312a8cc5745dc85eb909ee79 359.66MB / 1.87GB 316.4s
#4 sha256:79fe8ab8015ff16992dace35d1c07c48c7c184b361c4aa9e3558f6d986bfe7a3 372.24MB / 509.12MB 321.5s
#4 sha256:b01b3ae0da9ae6b0292a2678623f346eeacdb6d0312a8cc5745dc85eb909ee79 367.00MB / 1.87GB 321.5s
#4 sha256:79fe8ab8015ff16992dace35d1c07c48c7c184b361c4aa9e3558f6d986bfe7a3 377.49MB / 509.12MB 326.6s
#4 sha256:b01b3ae0da9ae6b0292a2678623f346eeacdb6d0312a8cc5745dc85eb909ee79 373.29MB / 1.87GB 326.6s
#4 sha256:79fe8ab8015ff16992dace35d1c07c48c7c184b361c4aa9e3558f6d986bfe7a3 383.78MB / 509.12MB 331.7s
#4 sha256:b01b3ae0da9ae6b0292a2678623f346eeacdb6d0312a8cc5745dc85eb909ee79 380.63MB / 1.87GB 331.7s
#4 sha256:79fe8ab8015ff16992dace35d1c07c48c7c184b361c4aa9e3558f6d986bfe7a3 390.07MB / 509.12MB 336.8s
#4 sha256:b01b3ae0da9ae6b0292a2678623f346eeacdb6d0312a8cc5745dc85eb909ee79 386.92MB / 1.87GB 336.8s
#4 sha256:79fe8ab8015ff16992dace35d1c07c48c7c184b361c4aa9e3558f6d986bfe7a3 396.36MB / 509.12MB 341.9s
#4 sha256:b01b3ae0da9ae6b0292a2678623f346eeacdb6d0312a8cc5745dc85eb909ee79 393.22MB / 1.87GB 341.9s
#4 sha256:79fe8ab8015ff16992dace35d1c07c48c7c184b361c4aa9e3558f6d986bfe7a3 401.60MB / 509.12MB 347.0s
#4 sha256:b01b3ae0da9ae6b0292a2678623f346eeacdb6d0312a8cc5745dc85eb909ee79 399.51MB / 1.87GB 347.0s
#4 sha256:79fe8ab8015ff16992dace35d1c07c48c7c184b361c4aa9e3558f6d986bfe7a3 407.90MB / 509.12MB 352.1s
#4 sha256:b01b3ae0da9ae6b0292a2678623f346eeacdb6d0312a8cc5745dc85eb909ee79 405.80MB / 1.87GB 352.1s
#4 sha256:79fe8ab8015ff16992dace35d1c07c48c7c184b361c4aa9e3558f6d986bfe7a3 414.19MB / 509.12MB 357.2s
#4 sha256:b01b3ae0da9ae6b0292a2678623f346eeacdb6d0312a8cc5745dc85eb909ee79 412.09MB / 1.87GB 357.2s
#4 sha256:79fe8ab8015ff16992dace35d1c07c48c7c184b361c4aa9e3558f6d986bfe7a3 419.43MB / 509.12MB 362.3s
#4 sha256:b01b3ae0da9ae6b0292a2678623f346eeacdb6d0312a8cc5745dc85eb909ee79 419.43MB / 1.87GB 362.3s
#4 sha256:79fe8ab8015ff16992dace35d1c07c48c7c184b361c4aa9e3558f6d986bfe7a3 425.72MB / 509.12MB 367.4s
#4 sha256:b01b3ae0da9ae6b0292a2678623f346eeacdb6d0312a8cc5745dc85eb909ee79 425.72MB / 1.87GB 367.4s
#4 sha256:79fe8ab8015ff16992dace35d1c07c48c7c184b361c4aa9e3558f6d986bfe7a3 430.96MB / 509.12MB 372.5s
#4 sha256:b01b3ae0da9ae6b0292a2678623f346eeacdb6d0312a8cc5745dc85eb909ee79 432.01MB / 1.87GB 372.5s
#4 sha256:79fe8ab8015ff16992dace35d1c07c48c7c184b361c4aa9e3558f6d986bfe7a3 437.26MB / 509.12MB 377.6s
#4 sha256:b01b3ae0da9ae6b0292a2678623f346eeacdb6d0312a8cc5745dc85eb909ee79 438.30MB / 1.87GB 377.6s
#4 sha256:79fe8ab8015ff16992dace35d1c07c48c7c184b361c4aa9e3558f6d986bfe7a3 443.55MB / 509.12MB 382.7s
#4 sha256:b01b3ae0da9ae6b0292a2678623f346eeacdb6d0312a8cc5745dc85eb909ee79 444.60MB / 1.87GB 382.7s
#4 sha256:79fe8ab8015ff16992dace35d1c07c48c7c184b361c4aa9e3558f6d986bfe7a3 449.84MB / 509.12MB 387.8s
#4 sha256:b01b3ae0da9ae6b0292a2678623f346eeacdb6d0312a8cc5745dc85eb909ee79 450.89MB / 1.87GB 387.8s
#4 sha256:79fe8ab8015ff16992dace35d1c07c48c7c184b361c4aa9e3558f6d986bfe7a3 456.13MB / 509.12MB 392.9s
#4 sha256:b01b3ae0da9ae6b0292a2678623f346eeacdb6d0312a8cc5745dc85eb909ee79 457.18MB / 1.87GB 392.9s
#4 sha256:79fe8ab8015ff16992dace35d1c07c48c7c184b361c4aa9e3558f6d986bfe7a3 462.42MB / 509.12MB 398.0s
#4 sha256:b01b3ae0da9ae6b0292a2678623f346eeacdb6d0312a8cc5745dc85eb909ee79 463.47MB / 1.87GB 398.0s
#4 sha256:79fe8ab8015ff16992dace35d1c07c48c7c184b361c4aa9e3558f6d986bfe7a3 468.71MB / 509.12MB 403.1s
#4 sha256:b01b3ae0da9ae6b0292a2678623f346eeacdb6d0312a8cc5745dc85eb909ee79 469.76MB / 1.87GB 403.1s
#4 sha256:79fe8ab8015ff16992dace35d1c07c48c7c184b361c4aa9e3558f6d986bfe7a3 475.00MB / 509.12MB 408.2s
#4 sha256:b01b3ae0da9ae6b0292a2678623f346eeacdb6d0312a8cc5745dc85eb909ee79 476.05MB / 1.87GB 408.2s
#4 sha256:79fe8ab8015ff16992dace35d1c07c48c7c184b361c4aa9e3558f6d986bfe7a3 481.30MB / 509.12MB 413.3s
#4 sha256:b01b3ae0da9ae6b0292a2678623f346eeacdb6d0312a8cc5745dc85eb909ee79 482.34MB / 1.87GB 413.3s
#4 sha256:79fe8ab8015ff16992dace35d1c07c48c7c184b361c4aa9e3558f6d986bfe7a3 488.64MB / 509.12MB 418.4s
#4 sha256:b01b3ae0da9ae6b0292a2678623f346eeacdb6d0312a8cc5745dc85eb909ee79 487.59MB / 1.87GB 418.4s
#4 sha256:79fe8ab8015ff16992dace35d1c07c48c7c184b361c4aa9e3558f6d986bfe7a3 494.93MB / 509.12MB 423.5s
#4 sha256:b01b3ae0da9ae6b0292a2678623f346eeacdb6d0312a8cc5745dc85eb909ee79 493.88MB / 1.87GB 423.5s
#4 sha256:79fe8ab8015ff16992dace35d1c07c48c7c184b361c4aa9e3558f6d986bfe7a3 501.22MB / 509.12MB 428.6s
#4 sha256:b01b3ae0da9ae6b0292a2678623f346eeacdb6d0312a8cc5745dc85eb909ee79 500.17MB / 1.87GB 428.6s
#4 sha256:79fe8ab8015ff16992dace35d1c07c48c7c184b361c4aa9e3558f6d986bfe7a3 507.51MB / 509.12MB 433.7s
#4 sha256:b01b3ae0da9ae6b0292a2678623f346eeacdb6d0312a8cc5745dc85eb909ee79 506.46MB / 1.87GB 433.7s
#4 sha256:79fe8ab8015ff16992dace35d1c07c48c7c184b361c4aa9e3558f6d986bfe7a3 509.12MB / 509.12MB 435.1s done
#4 sha256:b01b3ae0da9ae6b0292a2678623f346eeacdb6d0312a8cc5745dc85eb909ee79 518.00MB / 1.87GB 438.8s
#4 sha256:b01b3ae0da9ae6b0292a2678623f346eeacdb6d0312a8cc5745dc85eb909ee79 530.58MB / 1.87GB 443.9s
#4 sha256:b01b3ae0da9ae6b0292a2678623f346eeacdb6d0312a8cc5745dc85eb909ee79 542.11MB / 1.87GB 449.0s
#4 sha256:b01b3ae0da9ae6b0292a2678623f346eeacdb6d0312a8cc5745dc85eb909ee79 554.70MB / 1.87GB 454.1s
#4 sha256:b01b3ae0da9ae6b0292a2678623f346eeacdb6d0312a8cc5745dc85eb909ee79 567.28MB / 1.87GB 459.2s
#4 sha256:b01b3ae0da9ae6b0292a2678623f346eeacdb6d0312a8cc5745dc85eb909ee79 579.86MB / 1.87GB 464.3s
#4 sha256:b01b3ae0da9ae6b0292a2678623f346eeacdb6d0312a8cc5745dc85eb909ee79 592.45MB / 1.87GB 469.4s
#4 sha256:b01b3ae0da9ae6b0292a2678623f346eeacdb6d0312a8cc5745dc85eb909ee79 605.03MB / 1.87GB 474.5s
#4 sha256:b01b3ae0da9ae6b0292a2678623f346eeacdb6d0312a8cc5745dc85eb909ee79 617.61MB / 1.87GB 479.6s
#4 sha256:b01b3ae0da9ae6b0292a2678623f346eeacdb6d0312a8cc5745dc85eb909ee79 630.19MB / 1.87GB 484.7s
#4 sha256:b01b3ae0da9ae6b0292a2678623f346eeacdb6d0312a8cc5745dc85eb909ee79 642.78MB / 1.87GB 489.8s
#4 sha256:b01b3ae0da9ae6b0292a2678623f346eeacdb6d0312a8cc5745dc85eb909ee79 655.36MB / 1.87GB 494.9s
#4 sha256:b01b3ae0da9ae6b0292a2678623f346eeacdb6d0312a8cc5745dc85eb909ee79 667.94MB / 1.87GB 500.0s
#4 sha256:b01b3ae0da9ae6b0292a2678623f346eeacdb6d0312a8cc5745dc85eb909ee79 680.53MB / 1.87GB 505.1s
#4 sha256:b01b3ae0da9ae6b0292a2678623f346eeacdb6d0312a8cc5745dc85eb909ee79 693.11MB / 1.87GB 510.2s
#4 sha256:b01b3ae0da9ae6b0292a2678623f346eeacdb6d0312a8cc5745dc85eb909ee79 705.69MB / 1.87GB 515.3s
#4 sha256:b01b3ae0da9ae6b0292a2678623f346eeacdb6d0312a8cc5745dc85eb909ee79 718.27MB / 1.87GB 520.4s
#4 sha256:b01b3ae0da9ae6b0292a2678623f346eeacdb6d0312a8cc5745dc85eb909ee79 730.86MB / 1.87GB 525.5s
#4 sha256:b01b3ae0da9ae6b0292a2678623f346eeacdb6d0312a8cc5745dc85eb909ee79 743.44MB / 1.87GB 530.6s
#4 sha256:b01b3ae0da9ae6b0292a2678623f346eeacdb6d0312a8cc5745dc85eb909ee79 756.02MB / 1.87GB 535.7s
#4 sha256:b01b3ae0da9ae6b0292a2678623f346eeacdb6d0312a8cc5745dc85eb909ee79 768.61MB / 1.87GB 540.8s
#4 sha256:b01b3ae0da9ae6b0292a2678623f346eeacdb6d0312a8cc5745dc85eb909ee79 781.19MB / 1.87GB 545.9s
#4 sha256:b01b3ae0da9ae6b0292a2678623f346eeacdb6d0312a8cc5745dc85eb909ee79 793.77MB / 1.87GB 551.0s
#4 sha256:b01b3ae0da9ae6b0292a2678623f346eeacdb6d0312a8cc5745dc85eb909ee79 806.35MB / 1.87GB 556.1s
#4 sha256:b01b3ae0da9ae6b0292a2678623f346eeacdb6d0312a8cc5745dc85eb909ee79 818.94MB / 1.87GB 561.2s
#4 sha256:b01b3ae0da9ae6b0292a2678623f346eeacdb6d0312a8cc5745dc85eb909ee79 831.52MB / 1.87GB 566.3s
#4 sha256:b01b3ae0da9ae6b0292a2678623f346eeacdb6d0312a8cc5745dc85eb909ee79 844.10MB / 1.87GB 571.4s
#4 sha256:b01b3ae0da9ae6b0292a2678623f346eeacdb6d0312a8cc5745dc85eb909ee79 856.69MB / 1.87GB 576.5s
#4 sha256:b01b3ae0da9ae6b0292a2678623f346eeacdb6d0312a8cc5745dc85eb909ee79 869.27MB / 1.87GB 581.6s
#4 sha256:b01b3ae0da9ae6b0292a2678623f346eeacdb6d0312a8cc5745dc85eb909ee79 881.85MB / 1.87GB 586.7s
#4 sha256:b01b3ae0da9ae6b0292a2678623f346eeacdb6d0312a8cc5745dc85eb909ee79 894.44MB / 1.87GB 591.8s
#4 sha256:b01b3ae0da9ae6b0292a2678623f346eeacdb6d0312a8cc5745dc85eb909ee79 907.02MB / 1.87GB 596.9s
#4 sha256:b01b3ae0da9ae6b0292a2678623f346eeacdb6d0312a8cc5745dc85eb909ee79 918.55MB / 1.87GB 602.0s
#4 sha256:b01b3ae0da9ae6b0292a2678623f346eeacdb6d0312a8cc5745dc85eb909ee79 931.14MB / 1.87GB 607.1s
#4 sha256:b01b3ae0da9ae6b0292a2678623f346eeacdb6d0312a8cc5745dc85eb909ee79 943.72MB / 1.87GB 612.2s
#4 sha256:b01b3ae0da9ae6b0292a2678623f346eeacdb6d0312a8cc5745dc85eb909ee79 956.30MB / 1.87GB 617.3s
#4 sha256:b01b3ae0da9ae6b0292a2678623f346eeacdb6d0312a8cc5745dc85eb909ee79 968.88MB / 1.87GB 622.4s
#4 sha256:b01b3ae0da9ae6b0292a2678623f346eeacdb6d0312a8cc5745dc85eb909ee79 981.47MB / 1.87GB 627.5s
#4 sha256:b01b3ae0da9ae6b0292a2678623f346eeacdb6d0312a8cc5745dc85eb909ee79 994.05MB / 1.87GB 632.6s
#4 sha256:b01b3ae0da9ae6b0292a2678623f346eeacdb6d0312a8cc5745dc85eb909ee79 1.01GB / 1.87GB 637.7s
#4 sha256:b01b3ae0da9ae6b0292a2678623f346eeacdb6d0312a8cc5745dc85eb909ee79 1.02GB / 1.87GB 642.8s
#4 sha256:b01b3ae0da9ae6b0292a2678623f346eeacdb6d0312a8cc5745dc85eb909ee79 1.03GB / 1.87GB 647.9s
#4 sha256:b01b3ae0da9ae6b0292a2678623f346eeacdb6d0312a8cc5745dc85eb909ee79 1.04GB / 1.87GB 653.0s
#4 sha256:b01b3ae0da9ae6b0292a2678623f346eeacdb6d0312a8cc5745dc85eb909ee79 1.06GB / 1.87GB 658.1s
#4 sha256:b01b3ae0da9ae6b0292a2678623f346eeacdb6d0312a8cc5745dc85eb909ee79 1.07GB / 1.87GB 663.2s
#4 sha256:b01b3ae0da9ae6b0292a2678623f346eeacdb6d0312a8cc5745dc85eb909ee79 1.08GB / 1.87GB 668.3s
#4 sha256:b01b3ae0da9ae6b0292a2678623f346eeacdb6d0312a8cc5745dc85eb909ee79 1.09GB / 1.87GB 673.4s
#4 sha256:b01b3ae0da9ae6b0292a2678623f346eeacdb6d0312a8cc5745dc85eb909ee79 1.11GB / 1.87GB 678.5s
#4 sha256:b01b3ae0da9ae6b0292a2678623f346eeacdb6d0312a8cc5745dc85eb909ee79 1.12GB / 1.87GB 683.6s
#4 sha256:b01b3ae0da9ae6b0292a2678623f346eeacdb6d0312a8cc5745dc85eb909ee79 1.13GB / 1.87GB 688.7s
#4 sha256:b01b3ae0da9ae6b0292a2678623f346eeacdb6d0312a8cc5745dc85eb909ee79 1.15GB / 1.87GB 693.8s
#4 sha256:b01b3ae0da9ae6b0292a2678623f346eeacdb6d0312a8cc5745dc85eb909ee79 1.16GB / 1.87GB 698.9s
#4 sha256:b01b3ae0da9ae6b0292a2678623f346eeacdb6d0312a8cc5745dc85eb909ee79 1.17GB / 1.87GB 704.0s
#4 sha256:b01b3ae0da9ae6b0292a2678623f346eeacdb6d0312a8cc5745dc85eb909ee79 1.18GB / 1.87GB 709.1s
#4 sha256:b01b3ae0da9ae6b0292a2678623f346eeacdb6d0312a8cc5745dc85eb909ee79 1.20GB / 1.87GB 714.2s
#4 sha256:b01b3ae0da9ae6b0292a2678623f346eeacdb6d0312a8cc5745dc85eb909ee79 1.21GB / 1.87GB 719.3s
#4 sha256:b01b3ae0da9ae6b0292a2678623f346eeacdb6d0312a8cc5745dc85eb909ee79 1.22GB / 1.87GB 724.4s
#4 sha256:b01b3ae0da9ae6b0292a2678623f346eeacdb6d0312a8cc5745dc85eb909ee79 1.23GB / 1.87GB 729.5s
#4 sha256:b01b3ae0da9ae6b0292a2678623f346eeacdb6d0312a8cc5745dc85eb909ee79 1.24GB / 1.87GB 734.6s
#4 sha256:b01b3ae0da9ae6b0292a2678623f346eeacdb6d0312a8cc5745dc85eb909ee79 1.26GB / 1.87GB 739.7s
#4 sha256:b01b3ae0da9ae6b0292a2678623f346eeacdb6d0312a8cc5745dc85eb909ee79 1.27GB / 1.87GB 744.8s
#4 sha256:b01b3ae0da9ae6b0292a2678623f346eeacdb6d0312a8cc5745dc85eb909ee79 1.28GB / 1.87GB 749.9s
#4 sha256:b01b3ae0da9ae6b0292a2678623f346eeacdb6d0312a8cc5745dc85eb909ee79 1.29GB / 1.87GB 755.0s
#4 sha256:b01b3ae0da9ae6b0292a2678623f346eeacdb6d0312a8cc5745dc85eb909ee79 1.31GB / 1.87GB 760.1s
#4 sha256:b01b3ae0da9ae6b0292a2678623f346eeacdb6d0312a8cc5745dc85eb909ee79 1.32GB / 1.87GB 765.2s
#4 sha256:b01b3ae0da9ae6b0292a2678623f346eeacdb6d0312a8cc5745dc85eb909ee79 1.33GB / 1.87GB 770.3s
#4 sha256:b01b3ae0da9ae6b0292a2678623f346eeacdb6d0312a8cc5745dc85eb909ee79 1.35GB / 1.87GB 775.4s
#4 sha256:b01b3ae0da9ae6b0292a2678623f346eeacdb6d0312a8cc5745dc85eb909ee79 1.36GB / 1.87GB 780.5s
#4 sha256:b01b3ae0da9ae6b0292a2678623f346eeacdb6d0312a8cc5745dc85eb909ee79 1.37GB / 1.87GB 785.6s
#4 sha256:b01b3ae0da9ae6b0292a2678623f346eeacdb6d0312a8cc5745dc85eb909ee79 1.38GB / 1.87GB 790.7s
#4 sha256:b01b3ae0da9ae6b0292a2678623f346eeacdb6d0312a8cc5745dc85eb909ee79 1.40GB / 1.87GB 795.8s
#4 sha256:b01b3ae0da9ae6b0292a2678623f346eeacdb6d0312a8cc5745dc85eb909ee79 1.41GB / 1.87GB 800.9s
#4 sha256:b01b3ae0da9ae6b0292a2678623f346eeacdb6d0312a8cc5745dc85eb909ee79 1.42GB / 1.87GB 806.0s
#4 sha256:b01b3ae0da9ae6b0292a2678623f346eeacdb6d0312a8cc5745dc85eb909ee79 1.43GB / 1.87GB 811.1s
#4 sha256:b01b3ae0da9ae6b0292a2678623f346eeacdb6d0312a8cc5745dc85eb909ee79 1.45GB / 1.87GB 816.2s
#4 sha256:b01b3ae0da9ae6b0292a2678623f346eeacdb6d0312a8cc5745dc85eb909ee79 1.46GB / 1.87GB 821.3s
#4 sha256:b01b3ae0da9ae6b0292a2678623f346eeacdb6d0312a8cc5745dc85eb909ee79 1.47GB / 1.87GB 826.4s
#4 sha256:b01b3ae0da9ae6b0292a2678623f346eeacdb6d0312a8cc5745dc85eb909ee79 1.48GB / 1.87GB 831.5s
#4 sha256:b01b3ae0da9ae6b0292a2678623f346eeacdb6d0312a8cc5745dc85eb909ee79 1.50GB / 1.87GB 836.6s
#4 sha256:b01b3ae0da9ae6b0292a2678623f346eeacdb6d0312a8cc5745dc85eb909ee79 1.51GB / 1.87GB 841.7s
#4 sha256:b01b3ae0da9ae6b0292a2678623f346eeacdb6d0312a8cc5745dc85eb909ee79 1.52GB / 1.87GB 846.8s
#4 sha256:b01b3ae0da9ae6b0292a2678623f346eeacdb6d0312a8cc5745dc85eb909ee79 1.53GB / 1.87GB 851.9s
#4 sha256:b01b3ae0da9ae6b0292a2678623f346eeacdb6d0312a8cc5745dc85eb909ee79 1.55GB / 1.87GB 857.0s
#4 sha256:b01b3ae0da9ae6b0292a2678623f346eeacdb6d0312a8cc5745dc85eb909ee79 1.56GB / 1.87GB 862.1s
#4 sha256:b01b3ae0da9ae6b0292a2678623f346eeacdb6d0312a8cc5745dc85eb909ee79 1.57GB / 1.87GB 867.2s
#4 sha256:b01b3ae0da9ae6b0292a2678623f346eeacdb6d0312a8cc5745dc85eb909ee79 1.58GB / 1.87GB 872.3s
#4 sha256:b01b3ae0da9ae6b0292a2678623f346eeacdb6d0312a8cc5745dc85eb909ee79 1.60GB / 1.87GB 877.4s
#4 sha256:b01b3ae0da9ae6b0292a2678623f346eeacdb6d0312a8cc5745dc85eb909ee79 1.61GB / 1.87GB 882.5s
#4 sha256:b01b3ae0da9ae6b0292a2678623f346eeacdb6d0312a8cc5745dc85eb909ee79 1.62GB / 1.87GB 887.6s
#4 sha256:b01b3ae0da9ae6b0292a2678623f346eeacdb6d0312a8cc5745dc85eb909ee79 1.63GB / 1.87GB 892.7s
#4 sha256:b01b3ae0da9ae6b0292a2678623f346eeacdb6d0312a8cc5745dc85eb909ee79 1.65GB / 1.87GB 897.8s
#4 sha256:b01b3ae0da9ae6b0292a2678623f346eeacdb6d0312a8cc5745dc85eb909ee79 1.66GB / 1.87GB 902.9s
#4 sha256:b01b3ae0da9ae6b0292a2678623f346eeacdb6d0312a8cc5745dc85eb909ee79 1.67GB / 1.87GB 908.0s
#4 sha256:b01b3ae0da9ae6b0292a2678623f346eeacdb6d0312a8cc5745dc85eb909ee79 1.68GB / 1.87GB 913.1s
#4 sha256:b01b3ae0da9ae6b0292a2678623f346eeacdb6d0312a8cc5745dc85eb909ee79 1.70GB / 1.87GB 918.2s
#4 sha256:b01b3ae0da9ae6b0292a2678623f346eeacdb6d0312a8cc5745dc85eb909ee79 1.71GB / 1.87GB 923.3s
#4 sha256:b01b3ae0da9ae6b0292a2678623f346eeacdb6d0312a8cc5745dc85eb909ee79 1.72GB / 1.87GB 928.4s
#4 sha256:b01b3ae0da9ae6b0292a2678623f346eeacdb6d0312a8cc5745dc85eb909ee79 1.73GB / 1.87GB 933.5s
#4 sha256:b01b3ae0da9ae6b0292a2678623f346eeacdb6d0312a8cc5745dc85eb909ee79 1.75GB / 1.87GB 938.6s
#4 sha256:b01b3ae0da9ae6b0292a2678623f346eeacdb6d0312a8cc5745dc85eb909ee79 1.76GB / 1.87GB 943.7s
#4 sha256:b01b3ae0da9ae6b0292a2678623f346eeacdb6d0312a8cc5745dc85eb909ee79 1.77GB / 1.87GB 948.8s
#4 sha256:b01b3ae0da9ae6b0292a2678623f346eeacdb6d0312a8cc5745dc85eb909ee79 1.78GB / 1.87GB 953.9s
#4 sha256:b01b3ae0da9ae6b0292a2678623f346eeacdb6d0312a8cc5745dc85eb909ee79 1.80GB / 1.87GB 959.0s
#4 sha256:b01b3ae0da9ae6b0292a2678623f346eeacdb6d0312a8cc5745dc85eb909ee79 1.81GB / 1.87GB 964.1s
#4 sha256:b01b3ae0da9ae6b0292a2678623f346eeacdb6d0312a8cc5745dc85eb909ee79 1.82GB / 1.87GB 969.2s
#4 sha256:b01b3ae0da9ae6b0292a2678623f346eeacdb6d0312a8cc5745dc85eb909ee79 1.83GB / 1.87GB 974.3s
#4 sha256:b01b3ae0da9ae6b0292a2678623f346eeacdb6d0312a8cc5745dc85eb909ee79 1.85GB / 1.87GB 979.4s
#4 sha256:b01b3ae0da9ae6b0292a2678623f346eeacdb6d0312a8cc5745dc85eb909ee79 1.86GB / 1.87GB 984.5s
#4 sha256:b01b3ae0da9ae6b0292a2678623f346eeacdb6d0312a8cc5745dc85eb909ee79 1.87GB / 1.87GB 989.6s
#4 sha256:b01b3ae0da9ae6b0292a2678623f346eeacdb6d0312a8cc5745dc85eb909ee79 1.87GB / 1.87GB 991.0s done
#4 extracting sha256:b01b3ae0da9ae6b0292a2678623f346eeacdb6d0312a8cc5745dc85eb909ee79
#4 extracting sha256:b01b3ae0da9ae6b0292a2678623f346eeacdb6d0312a8cc5745dc85eb909ee79 11.0s done
#4 DONE 1002.1s

#4 [1/7] FROM docker.io/tensorflow/tensorflow:2.6.0-gpu@sha256:e0510bc8ea7dfed3b1381f92891fae3ad5b75712984c3632a60cc164391bca29
#4 extracting sha256:7738a76fac167ffd07f15946a8e79d7bf88a29d80ce7d34db4d61cde6f549b57
#4 extracting sha256:7738a76fac167ffd07f15946a8e79d7bf88a29d80ce7d34db4d61cde6f549b57 6.3s done
#4 DONE 1008.4s

#4 [1/7] FROM docker.io/tensorflow/tensorflow:2.6.0-gpu@sha256:e0510bc8ea7dfed3b1381f92891fae3ad5b75712984c3632a60cc164391bca29
#4 extracting sha256:f2d9d48e87a22cfaf207f8320c3fd1ae2adad2b3e0cd3db361d2fa6ff434b1cb
#4 extracting sha256:f2d9d48e87a22cfaf207f8320c3fd1ae2adad2b3e0cd3db361d2fa6ff434b1cb 0.5s done
#4 DONE 1008.9s

#4 [1/7] FROM docker.io/tensorflow/tensorflow:2.6.0-gpu@sha256:e0510bc8ea7dfed3b1381f92891fae3ad5b75712984c3632a60cc164391bca29
#4 extracting sha256:8c9abcc99c8b12c75fb0c612ea33277bd43037d2278e674d3093451808333ee0
#4 extracting sha256:8c9abcc99c8b12c75fb0c612ea33277bd43037d2278e674d3093451808333ee0 1.0s done
#4 DONE 1009.9s

#4 [1/7] FROM docker.io/tensorflow/tensorflow:2.6.0-gpu@sha256:e0510bc8ea7dfed3b1381f92891fae3ad5b75712984c3632a60cc164391bca29
#4 extracting sha256:cb9587cd9b21fa00c906aca518eb4f338bcdf722d6768a0aaf7aec8bcbaa85f0
#4 extracting sha256:cb9587cd9b21fa00c906aca518eb4f338bcdf722d6768a0aaf7aec8bcbaa85f0 0.3s done
#4 DONE 1010.2s

#4 [1/7] FROM docker.io/tensorflow/tensorflow:2.6.0-gpu@sha256:e0510bc8ea7dfed3b1381f92891fae3ad5b75712984c3632a60cc164391bca29
#4 extracting sha256:83e28b6f65140e44ab402f91f698cc9ae3edfa9b257aa12deaf740c40adabd4c 0.1s done
#4 DONE 1010.3s

#4 [1/7] FROM docker.io/tensorflow/tensorflow:2.6.0-gpu@sha256:e0510bc8ea7dfed3b1381f92891fae3ad5b75712984c3632a60cc164391bca29
#4 extracting sha256:79fe8ab8015ff16992dace35d1c07c48c7c184b361c4aa9e3558f6d986bfe7a3
#4 extracting sha256:79fe8ab8015ff16992dace35d1c07c48c7c184b361c4aa9e3558f6d986bfe7a3 6.1s done
#4 DONE 1016.4s

#4 [1/7] FROM docker.io/tensorflow/tensorflow:2.6.0-gpu@sha256:e0510bc8ea7dfed3b1381f92891fae3ad5b75712984c3632a60cc164391bca29
#4 extracting sha256:278724afe733f63e386264d67cb0fd379fe3f71fe9530e7e4b30e30873821570
#4 extracting sha256:278724afe733f63e386264d67cb0fd379fe3f71fe9530e7e4b30e30873821570 2.9s done
#4 DONE 1019.3s

#4 [1/7] FROM docker.io/tensorflow/tensorflow:2.6.0-gpu@sha256:e0510bc8ea7dfed3b1381f92891fae3ad5b75712984c3632a60cc164391bca29
#4 extracting sha256:5176f8b6ffeb7fa73969a44e28bbedc1bad91059dc594fc88e3ac718c3ab7116
#4 extracting sha256:5176f8b6ffeb7fa73969a44e28bbedc1bad91059dc594fc88e3ac718c3ab7116 2.5s done
#4 DONE 1021.8s

#6 [2/7] RUN rm -f /etc/apt/sources.list.d/cuda.list /etc/apt/sources.list.d/nvidia-ml.list || true
#6 DONE 25.0s

#7 [3/7] RUN apt-get update && apt-get install -y     build-essential     git     wget     curl     vim     bc     && rm -rf /var/lib/apt/lists/*
#7 1.390 Hit:1 http://archive.ubuntu.com/ubuntu bionic InRelease
#7 1.450 Get:2 http://security.ubuntu.com/ubuntu bionic-security InRelease [102 kB]
#7 1.591 Get:3 http://archive.ubuntu.com/ubuntu bionic-updates InRelease [102 kB]
#7 2.526 Get:4 http://archive.ubuntu.com/ubuntu bionic-backports InRelease [102 kB]
#7 2.729 Get:5 http://security.ubuntu.com/ubuntu bionic-security/multiverse amd64 Packages [23.8 kB]
#7 2.955 Get:6 http://archive.ubuntu.com/ubuntu bionic-updates/multiverse amd64 Packages [30.8 kB]
#7 2.994 Get:7 http://archive.ubuntu.com/ubuntu bionic-updates/universe amd64 Packages [2411 kB]
#7 3.066 Get:8 http://security.ubuntu.com/ubuntu bionic-security/main amd64 Packages [3373 kB]
#7 5.222 Get:9 http://archive.ubuntu.com/ubuntu bionic-updates/main amd64 Packages [3786 kB]
#7 7.690 Get:10 http://archive.ubuntu.com/ubuntu bionic-updates/restricted amd64 Packages [1728 kB]
#7 8.025 Get:11 http://archive.ubuntu.com/ubuntu bionic-backports/main amd64 Packages [64.0 kB]
#7 8.026 Get:12 http://archive.ubuntu.com/ubuntu bionic-backports/universe amd64 Packages [20.6 kB]
#7 8.125 Get:13 http://security.ubuntu.com/ubuntu bionic-security/universe amd64 Packages [1637 kB]
#7 9.065 Get:14 http://security.ubuntu.com/ubuntu bionic-security/restricted amd64 Packages [1688 kB]
#7 9.938 Fetched 15.1 MB in 9s (1659 kB/s)
#7 9.938 Reading package lists...
#7 10.59 Reading package lists...
#7 11.16 Building dependency tree...
#7 11.24 Reading state information...
#7 11.31 build-essential is already the newest version (12.4ubuntu1).
#7 11.31 The following additional packages will be installed:
#7 11.31   git-man less libbsd0 libcurl3-gnutls libcurl4 libedit2 liberror-perl libgpm2
#7 11.31   libssl1.0.0 libx11-6 libx11-data libxau6 libxcb1 libxdmcp6 libxext6 libxmuu1
#7 11.31   openssh-client vim-common vim-runtime xauth xxd
#7 11.31 Suggested packages:
#7 11.31   gettext-base git-daemon-run | git-daemon-sysvinit git-doc git-el git-email
#7 11.31   git-gui gitk gitweb git-cvs git-mediawiki git-svn gpm keychain libpam-ssh
#7 11.31   monkeysphere ssh-askpass ctags vim-doc vim-scripts
#7 11.37 The following NEW packages will be installed:
#7 11.37   bc git git-man less libbsd0 libcurl3-gnutls libedit2 liberror-perl libgpm2
#7 11.37   libssl1.0.0 libx11-6 libx11-data libxau6 libxcb1 libxdmcp6 libxext6 libxmuu1
#7 11.37   openssh-client vim vim-common vim-runtime wget xauth xxd
#7 11.37 The following packages will be upgraded:
#7 11.37   curl libcurl4
#7 12.20 2 upgraded, 24 newly installed, 0 to remove and 114 not upgraded.
#7 12.20 Need to get 15.3 MB of archives.
#7 12.20 After this operation, 80.5 MB of additional disk space will be used.
#7 12.20 Get:1 http://archive.ubuntu.com/ubuntu bionic-updates/main amd64 libxau6 amd64 1:1.0.8-1ubuntu1 [7556 B]
#7 12.48 Get:2 http://archive.ubuntu.com/ubuntu bionic-updates/main amd64 libbsd0 amd64 0.8.7-1ubuntu0.1 [41.6 kB]
#7 12.87 Get:3 http://archive.ubuntu.com/ubuntu bionic/main amd64 libxdmcp6 amd64 1:1.1.2-3 [10.7 kB]
#7 12.94 Get:4 http://archive.ubuntu.com/ubuntu bionic-updates/main amd64 libxcb1 amd64 1.13-2~ubuntu18.04 [45.5 kB]
#7 13.16 Get:5 http://archive.ubuntu.com/ubuntu bionic-updates/main amd64 libx11-data all 2:1.6.4-3ubuntu0.4 [114 kB]
#7 13.48 Get:6 http://archive.ubuntu.com/ubuntu bionic-updates/main amd64 libx11-6 amd64 2:1.6.4-3ubuntu0.4 [572 kB]
#7 14.01 Get:7 http://archive.ubuntu.com/ubuntu bionic/main amd64 libxext6 amd64 2:1.3.3-1 [29.4 kB]
#7 14.03 Get:8 http://archive.ubuntu.com/ubuntu bionic/main amd64 less amd64 487-0.1 [112 kB]
#7 14.08 Get:9 http://archive.ubuntu.com/ubuntu bionic-updates/main amd64 xxd amd64 2:8.0.1453-1ubuntu1.13 [51.9 kB]
#7 14.10 Get:10 http://archive.ubuntu.com/ubuntu bionic-updates/main amd64 vim-common all 2:8.0.1453-1ubuntu1.13 [73.1 kB]
#7 14.13 Get:11 http://archive.ubuntu.com/ubuntu bionic/main amd64 libedit2 amd64 3.1-20170329-1 [76.9 kB]
#7 14.16 Get:12 http://archive.ubuntu.com/ubuntu bionic-updates/main amd64 libssl1.0.0 amd64 1.0.2n-1ubuntu5.13 [1089 kB]
#7 14.93 Get:13 http://archive.ubuntu.com/ubuntu bionic/main amd64 libxmuu1 amd64 2:1.1.2-2 [9674 B]
#7 14.93 Get:14 http://archive.ubuntu.com/ubuntu bionic-updates/main amd64 openssh-client amd64 1:7.6p1-4ubuntu0.7 [610 kB]
#7 14.94 Get:15 http://archive.ubuntu.com/ubuntu bionic-updates/main amd64 wget amd64 1.19.4-1ubuntu2.2 [316 kB]
#7 16.50 Get:16 http://archive.ubuntu.com/ubuntu bionic/main amd64 xauth amd64 1:1.0.10-1 [24.6 kB]
#7 16.51 Get:17 http://archive.ubuntu.com/ubuntu bionic/main amd64 bc amd64 1.07.1-2 [86.2 kB]
#7 16.52 Get:18 http://archive.ubuntu.com/ubuntu bionic-updates/main amd64 curl amd64 7.58.0-2ubuntu3.24 [159 kB]
#7 16.53 Get:19 http://archive.ubuntu.com/ubuntu bionic-updates/main amd64 libcurl4 amd64 7.58.0-2ubuntu3.24 [221 kB]
#7 16.56 Get:20 http://archive.ubuntu.com/ubuntu bionic-updates/main amd64 libcurl3-gnutls amd64 7.58.0-2ubuntu3.24 [219 kB]
#7 16.57 Get:21 http://archive.ubuntu.com/ubuntu bionic/main amd64 liberror-perl all 0.17025-1 [22.8 kB]
#7 16.57 Get:22 http://archive.ubuntu.com/ubuntu bionic-updates/main amd64 git-man all 1:2.17.1-1ubuntu0.18 [804 kB]
#7 16.57 Get:23 http://archive.ubuntu.com/ubuntu bionic-updates/main amd64 git amd64 1:2.17.1-1ubuntu0.18 [3990 kB]
#7 18.74 Get:24 http://archive.ubuntu.com/ubuntu bionic/main amd64 libgpm2 amd64 1.20.7-5 [15.1 kB]
#7 18.74 Get:25 http://archive.ubuntu.com/ubuntu bionic-updates/main amd64 vim-runtime all 2:8.0.1453-1ubuntu1.13 [5439 kB]
#7 20.50 Get:26 http://archive.ubuntu.com/ubuntu bionic-updates/main amd64 vim amd64 2:8.0.1453-1ubuntu1.13 [1156 kB]
#7 20.69 debconf: delaying package configuration, since apt-utils is not installed
#7 20.70 Fetched 15.3 MB in 9s (1656 kB/s)
#7 20.72 Selecting previously unselected package libxau6:amd64.
#7 20.72 (Reading database ... (Reading database ... 5%(Reading database ... 10%(Reading database ... 15%(Reading database ... 20%(Reading database ... 25%(Reading database ... 30%(Reading database ... 35%(Reading database ... 40%(Reading database ... 45%(Reading database ... 50%(Reading database ... 55%(Reading database ... 60%(Reading database ... 65%(Reading database ... 70%(Reading database ... 75%(Reading database ... 80%(Reading database ... 85%(Reading database ... 90%(Reading database ... 95%(Reading database ... 100%(Reading database ... 16452 files and directories currently installed.)
#7 20.73 Preparing to unpack .../00-libxau6_1%3a1.0.8-1ubuntu1_amd64.deb ...
#7 20.74 Unpacking libxau6:amd64 (1:1.0.8-1ubuntu1) ...
#7 20.76 Selecting previously unselected package libbsd0:amd64.
#7 20.76 Preparing to unpack .../01-libbsd0_0.8.7-1ubuntu0.1_amd64.deb ...
#7 20.76 Unpacking libbsd0:amd64 (0.8.7-1ubuntu0.1) ...
#7 20.78 Selecting previously unselected package libxdmcp6:amd64.
#7 20.78 Preparing to unpack .../02-libxdmcp6_1%3a1.1.2-3_amd64.deb ...
#7 20.78 Unpacking libxdmcp6:amd64 (1:1.1.2-3) ...
#7 20.80 Selecting previously unselected package libxcb1:amd64.
#7 20.80 Preparing to unpack .../03-libxcb1_1.13-2~ubuntu18.04_amd64.deb ...
#7 20.80 Unpacking libxcb1:amd64 (1.13-2~ubuntu18.04) ...
#7 20.82 Selecting previously unselected package libx11-data.
#7 20.82 Preparing to unpack .../04-libx11-data_2%3a1.6.4-3ubuntu0.4_all.deb ...
#7 20.82 Unpacking libx11-data (2:1.6.4-3ubuntu0.4) ...
#7 20.87 Selecting previously unselected package libx11-6:amd64.
#7 20.87 Preparing to unpack .../05-libx11-6_2%3a1.6.4-3ubuntu0.4_amd64.deb ...
#7 20.87 Unpacking libx11-6:amd64 (2:1.6.4-3ubuntu0.4) ...
#7 20.92 Selecting previously unselected package libxext6:amd64.
#7 20.92 Preparing to unpack .../06-libxext6_2%3a1.3.3-1_amd64.deb ...
#7 20.92 Unpacking libxext6:amd64 (2:1.3.3-1) ...
#7 20.94 Selecting previously unselected package less.
#7 20.94 Preparing to unpack .../07-less_487-0.1_amd64.deb ...
#7 20.94 Unpacking less (487-0.1) ...
#7 20.97 Selecting previously unselected package xxd.
#7 20.97 Preparing to unpack .../08-xxd_2%3a8.0.1453-1ubuntu1.13_amd64.deb ...
#7 20.97 Unpacking xxd (2:8.0.1453-1ubuntu1.13) ...
#7 20.99 Selecting previously unselected package vim-common.
#7 20.99 Preparing to unpack .../09-vim-common_2%3a8.0.1453-1ubuntu1.13_all.deb ...
#7 21.00 Unpacking vim-common (2:8.0.1453-1ubuntu1.13) ...
#7 21.03 Selecting previously unselected package libedit2:amd64.
#7 21.03 Preparing to unpack .../10-libedit2_3.1-20170329-1_amd64.deb ...
#7 21.03 Unpacking libedit2:amd64 (3.1-20170329-1) ...
#7 21.06 Selecting previously unselected package libssl1.0.0:amd64.
#7 21.06 Preparing to unpack .../11-libssl1.0.0_1.0.2n-1ubuntu5.13_amd64.deb ...
#7 21.06 Unpacking libssl1.0.0:amd64 (1.0.2n-1ubuntu5.13) ...
#7 21.12 Selecting previously unselected package libxmuu1:amd64.
#7 21.12 Preparing to unpack .../12-libxmuu1_2%3a1.1.2-2_amd64.deb ...
#7 21.12 Unpacking libxmuu1:amd64 (2:1.1.2-2) ...
#7 21.14 Selecting previously unselected package openssh-client.
#7 21.14 Preparing to unpack .../13-openssh-client_1%3a7.6p1-4ubuntu0.7_amd64.deb ...
#7 21.14 Unpacking openssh-client (1:7.6p1-4ubuntu0.7) ...
#7 21.20 Selecting previously unselected package wget.
#7 21.20 Preparing to unpack .../14-wget_1.19.4-1ubuntu2.2_amd64.deb ...
#7 21.20 Unpacking wget (1.19.4-1ubuntu2.2) ...
#7 21.23 Selecting previously unselected package xauth.
#7 21.23 Preparing to unpack .../15-xauth_1%3a1.0.10-1_amd64.deb ...
#7 21.23 Unpacking xauth (1:1.0.10-1) ...
#7 21.25 Selecting previously unselected package bc.
#7 21.25 Preparing to unpack .../16-bc_1.07.1-2_amd64.deb ...
#7 21.25 Unpacking bc (1.07.1-2) ...
#7 21.27 Preparing to unpack .../17-curl_7.58.0-2ubuntu3.24_amd64.deb ...
#7 21.28 Unpacking curl (7.58.0-2ubuntu3.24) over (7.58.0-2ubuntu3.14) ...
#7 21.31 Preparing to unpack .../18-libcurl4_7.58.0-2ubuntu3.24_amd64.deb ...
#7 21.31 Unpacking libcurl4:amd64 (7.58.0-2ubuntu3.24) over (7.58.0-2ubuntu3.14) ...
#7 21.34 Selecting previously unselected package libcurl3-gnutls:amd64.
#7 21.35 Preparing to unpack .../19-libcurl3-gnutls_7.58.0-2ubuntu3.24_amd64.deb ...
#7 21.35 Unpacking libcurl3-gnutls:amd64 (7.58.0-2ubuntu3.24) ...
#7 21.37 Selecting previously unselected package liberror-perl.
#7 21.37 Preparing to unpack .../20-liberror-perl_0.17025-1_all.deb ...
#7 21.37 Unpacking liberror-perl (0.17025-1) ...
#7 21.39 Selecting previously unselected package git-man.
#7 21.39 Preparing to unpack .../21-git-man_1%3a2.17.1-1ubuntu0.18_all.deb ...
#7 21.39 Unpacking git-man (1:2.17.1-1ubuntu0.18) ...
#7 21.45 Selecting previously unselected package git.
#7 21.45 Preparing to unpack .../22-git_1%3a2.17.1-1ubuntu0.18_amd64.deb ...
#7 21.47 Unpacking git (1:2.17.1-1ubuntu0.18) ...
#7 21.70 Selecting previously unselected package libgpm2:amd64.
#7 21.71 Preparing to unpack .../23-libgpm2_1.20.7-5_amd64.deb ...
#7 21.71 Unpacking libgpm2:amd64 (1.20.7-5) ...
#7 21.73 Selecting previously unselected package vim-runtime.
#7 21.73 Preparing to unpack .../24-vim-runtime_2%3a8.0.1453-1ubuntu1.13_all.deb ...
#7 21.73 Adding 'diversion of /usr/share/vim/vim80/doc/help.txt to /usr/share/vim/vim80/doc/help.txt.vim-tiny by vim-runtime'
#7 21.74 Adding 'diversion of /usr/share/vim/vim80/doc/tags to /usr/share/vim/vim80/doc/tags.vim-tiny by vim-runtime'
#7 21.74 Unpacking vim-runtime (2:8.0.1453-1ubuntu1.13) ...
#7 22.08 Selecting previously unselected package vim.
#7 22.08 Preparing to unpack .../25-vim_2%3a8.0.1453-1ubuntu1.13_amd64.deb ...
#7 22.08 Unpacking vim (2:8.0.1453-1ubuntu1.13) ...
#7 22.15 Setting up libedit2:amd64 (3.1-20170329-1) ...
#7 22.15 Setting up git-man (1:2.17.1-1ubuntu0.18) ...
#7 22.16 Setting up less (487-0.1) ...
#7 22.20 Setting up libssl1.0.0:amd64 (1.0.2n-1ubuntu5.13) ...
#7 22.24 Setting up xxd (2:8.0.1453-1ubuntu1.13) ...
#7 22.24 Setting up liberror-perl (0.17025-1) ...
#7 22.24 Setting up libgpm2:amd64 (1.20.7-5) ...
#7 22.25 Setting up libcurl3-gnutls:amd64 (7.58.0-2ubuntu3.24) ...
#7 22.25 Setting up libcurl4:amd64 (7.58.0-2ubuntu3.24) ...
#7 22.26 Setting up libbsd0:amd64 (0.8.7-1ubuntu0.1) ...
#7 22.26 Setting up wget (1.19.4-1ubuntu2.2) ...
#7 22.27 Setting up vim-common (2:8.0.1453-1ubuntu1.13) ...
#7 22.27 Setting up vim-runtime (2:8.0.1453-1ubuntu1.13) ...
#7 22.32 Setting up libxdmcp6:amd64 (1:1.1.2-3) ...
#7 22.33 Setting up bc (1.07.1-2) ...
#7 22.33 Setting up openssh-client (1:7.6p1-4ubuntu0.7) ...
#7 22.38 Setting up git (1:2.17.1-1ubuntu0.18) ...
#7 22.40 Setting up libx11-data (2:1.6.4-3ubuntu0.4) ...
#7 22.40 Setting up libxau6:amd64 (1:1.0.8-1ubuntu1) ...
#7 22.41 Setting up curl (7.58.0-2ubuntu3.24) ...
#7 22.41 Setting up vim (2:8.0.1453-1ubuntu1.13) ...
#7 22.41 update-alternatives: using /usr/bin/vim.basic to provide /usr/bin/vim (vim) in auto mode
#7 22.42 update-alternatives: using /usr/bin/vim.basic to provide /usr/bin/vimdiff (vimdiff) in auto mode
#7 22.42 update-alternatives: using /usr/bin/vim.basic to provide /usr/bin/rvim (rvim) in auto mode
#7 22.42 update-alternatives: using /usr/bin/vim.basic to provide /usr/bin/rview (rview) in auto mode
#7 22.42 update-alternatives: using /usr/bin/vim.basic to provide /usr/bin/vi (vi) in auto mode
#7 22.42 update-alternatives: warning: skip creation of /usr/share/man/fr/man1/vi.1.gz because associated file /usr/share/man/fr/man1/vim.1.gz (of link group vi) doesn't exist
#7 22.42 update-alternatives: warning: skip creation of /usr/share/man/it/man1/vi.1.gz because associated file /usr/share/man/it/man1/vim.1.gz (of link group vi) doesn't exist
#7 22.42 update-alternatives: warning: skip creation of /usr/share/man/pl/man1/vi.1.gz because associated file /usr/share/man/pl/man1/vim.1.gz (of link group vi) doesn't exist
#7 22.42 update-alternatives: warning: skip creation of /usr/share/man/ru/man1/vi.1.gz because associated file /usr/share/man/ru/man1/vim.1.gz (of link group vi) doesn't exist
#7 22.42 update-alternatives: warning: skip creation of /usr/share/man/ja/man1/vi.1.gz because associated file /usr/share/man/ja/man1/vim.1.gz (of link group vi) doesn't exist
#7 22.42 update-alternatives: warning: skip creation of /usr/share/man/man1/vi.1.gz because associated file /usr/share/man/man1/vim.1.gz (of link group vi) doesn't exist
#7 22.42 update-alternatives: using /usr/bin/vim.basic to provide /usr/bin/view (view) in auto mode
#7 22.42 update-alternatives: warning: skip creation of /usr/share/man/fr/man1/view.1.gz because associated file /usr/share/man/fr/man1/vim.1.gz (of link group view) doesn't exist
#7 22.42 update-alternatives: warning: skip creation of /usr/share/man/it/man1/view.1.gz because associated file /usr/share/man/it/man1/vim.1.gz (of link group view) doesn't exist
#7 22.42 update-alternatives: warning: skip creation of /usr/share/man/pl/man1/view.1.gz because associated file /usr/share/man/pl/man1/vim.1.gz (of link group view) doesn't exist
#7 22.42 update-alternatives: warning: skip creation of /usr/share/man/ru/man1/view.1.gz because associated file /usr/share/man/ru/man1/vim.1.gz (of link group view) doesn't exist
#7 22.42 update-alternatives: warning: skip creation of /usr/share/man/ja/man1/view.1.gz because associated file /usr/share/man/ja/man1/vim.1.gz (of link group view) doesn't exist
#7 22.42 update-alternatives: warning: skip creation of /usr/share/man/man1/view.1.gz because associated file /usr/share/man/man1/vim.1.gz (of link group view) doesn't exist
#7 22.43 update-alternatives: using /usr/bin/vim.basic to provide /usr/bin/ex (ex) in auto mode
#7 22.43 update-alternatives: warning: skip creation of /usr/share/man/fr/man1/ex.1.gz because associated file /usr/share/man/fr/man1/vim.1.gz (of link group ex) doesn't exist
#7 22.43 update-alternatives: warning: skip creation of /usr/share/man/it/man1/ex.1.gz because associated file /usr/share/man/it/man1/vim.1.gz (of link group ex) doesn't exist
#7 22.43 update-alternatives: warning: skip creation of /usr/share/man/pl/man1/ex.1.gz because associated file /usr/share/man/pl/man1/vim.1.gz (of link group ex) doesn't exist
#7 22.43 update-alternatives: warning: skip creation of /usr/share/man/ru/man1/ex.1.gz because associated file /usr/share/man/ru/man1/vim.1.gz (of link group ex) doesn't exist
#7 22.43 update-alternatives: warning: skip creation of /usr/share/man/ja/man1/ex.1.gz because associated file /usr/share/man/ja/man1/vim.1.gz (of link group ex) doesn't exist
#7 22.43 update-alternatives: warning: skip creation of /usr/share/man/man1/ex.1.gz because associated file /usr/share/man/man1/vim.1.gz (of link group ex) doesn't exist
#7 22.43 update-alternatives: using /usr/bin/vim.basic to provide /usr/bin/editor (editor) in auto mode
#7 22.43 update-alternatives: warning: skip creation of /usr/share/man/fr/man1/editor.1.gz because associated file /usr/share/man/fr/man1/vim.1.gz (of link group editor) doesn't exist
#7 22.43 update-alternatives: warning: skip creation of /usr/share/man/it/man1/editor.1.gz because associated file /usr/share/man/it/man1/vim.1.gz (of link group editor) doesn't exist
#7 22.43 update-alternatives: warning: skip creation of /usr/share/man/pl/man1/editor.1.gz because associated file /usr/share/man/pl/man1/vim.1.gz (of link group editor) doesn't exist
#7 22.43 update-alternatives: warning: skip creation of /usr/share/man/ru/man1/editor.1.gz because associated file /usr/share/man/ru/man1/vim.1.gz (of link group editor) doesn't exist
#7 22.43 update-alternatives: warning: skip creation of /usr/share/man/ja/man1/editor.1.gz because associated file /usr/share/man/ja/man1/vim.1.gz (of link group editor) doesn't exist
#7 22.43 update-alternatives: warning: skip creation of /usr/share/man/man1/editor.1.gz because associated file /usr/share/man/man1/vim.1.gz (of link group editor) doesn't exist
#7 22.43 Setting up libxcb1:amd64 (1.13-2~ubuntu18.04) ...
#7 22.44 Setting up libx11-6:amd64 (2:1.6.4-3ubuntu0.4) ...
#7 22.44 Setting up libxmuu1:amd64 (2:1.1.2-2) ...
#7 22.45 Setting up libxext6:amd64 (2:1.3.3-1) ...
#7 22.45 Setting up xauth (1:1.0.10-1) ...
#7 22.46 Processing triggers for mime-support (3.60ubuntu1) ...
#7 22.47 Processing triggers for libc-bin (2.27-3ubuntu1.4) ...
#7 DONE 22.5s

#8 [4/7] COPY env/gpu/requirements_gpu.txt /tmp/requirements_gpu.txt
#8 DONE 0.0s

#9 [5/7] RUN grep -v "tensorflow" /tmp/requirements_gpu.txt > /tmp/requirements_extra.txt &&     pip install --upgrade pip &&     pip install -r /tmp/requirements_extra.txt &&     pip install tflearn opencv-python-headless==4.5.5.64
#9 0.606 Collecting pip
#9 0.817   Downloading pip-21.3.1-py3-none-any.whl (1.7 MB)
#9 1.582 Installing collected packages: pip
#9 1.582   Attempting uninstall: pip
#9 1.582     Found existing installation: pip 20.2.4
#9 1.674     Uninstalling pip-20.2.4:
#9 1.886       Successfully uninstalled pip-20.2.4
#9 2.321 Successfully installed pip-21.3.1
#9 3.667 Collecting numpy==1.16.6
#9 3.877   Downloading numpy-1.16.6-cp36-cp36m-manylinux1_x86_64.whl (17.4 MB)
#9 11.65 Collecting scipy==1.1.0
#9 11.70   Downloading scipy-1.1.0-cp36-cp36m-manylinux1_x86_64.whl (31.2 MB)
#9 25.33 Collecting matplotlib==3.0.3
#9 25.38   Downloading matplotlib-3.0.3-cp36-cp36m-manylinux1_x86_64.whl (13.0 MB)
#9 31.03 Collecting scikit-image==0.14.5
#9 31.08   Downloading scikit_image-0.14.5-cp36-cp36m-manylinux1_x86_64.whl (25.4 MB)
#9 42.08 Collecting Pillow==6.2.0
#9 42.12   Downloading Pillow-6.2.0-cp36-cp36m-manylinux1_x86_64.whl (2.1 MB)
#9 43.00 Collecting tqdm==4.36.1
#9 43.05   Downloading tqdm-4.36.1-py2.py3-none-any.whl (52 kB)
#9 43.21 Collecting pyyaml==5.1.2
#9 43.26   Downloading PyYAML-5.1.2.tar.gz (265 kB)
#9 43.43   Preparing metadata (setup.py): started
#9 43.58   Preparing metadata (setup.py): finished with status 'done'
#9 43.68 Collecting pyparsing!=2.0.4,!=2.1.2,!=2.1.6,>=2.0.1
#9 43.73   Downloading pyparsing-3.1.4-py3-none-any.whl (104 kB)
#9 43.83 Collecting python-dateutil>=2.1
#9 43.88   Downloading python_dateutil-2.9.0.post0-py2.py3-none-any.whl (229 kB)
#9 44.01 Collecting cycler>=0.10
#9 44.06   Downloading cycler-0.11.0-py3-none-any.whl (6.4 kB)
#9 44.29 Collecting kiwisolver>=1.0.1
#9 44.33   Downloading kiwisolver-1.3.1-cp36-cp36m-manylinux1_x86_64.whl (1.1 MB)
#9 44.80 Collecting cloudpickle>=0.2.1
#9 44.84   Downloading cloudpickle-2.2.1-py3-none-any.whl (25 kB)
#9 45.00 Collecting PyWavelets>=0.4.0
#9 45.05   Downloading PyWavelets-1.1.1-cp36-cp36m-manylinux1_x86_64.whl (4.4 MB)
#9 46.76 Requirement already satisfied: six>=1.10.0 in /usr/local/lib/python3.6/dist-packages (from scikit-image==0.14.5->-r /tmp/requirements_extra.txt (line 11)) (1.15.0)
#9 46.85 Collecting networkx>=1.8
#9 46.90   Downloading networkx-2.5.1-py3-none-any.whl (1.6 MB)
#9 47.56 Collecting decorator<5,>=4.3
#9 47.60   Downloading decorator-4.4.2-py2.py3-none-any.whl (9.2 kB)
#9 47.62 Building wheels for collected packages: pyyaml
#9 47.62   Building wheel for pyyaml (setup.py): started
#9 47.86   Building wheel for pyyaml (setup.py): finished with status 'done'
#9 47.86   Created wheel for pyyaml: filename=PyYAML-5.1.2-cp36-cp36m-linux_x86_64.whl size=44117 sha256=1d7537fc883357ea76bed170780274b4fb37a9bc31460b2e4558ee0be6229e86
#9 47.86   Stored in directory: /root/.cache/pip/wheels/d8/9b/e7/75af463b873c119dd444151fc54a8e190c87993593e1fa194a
#9 47.86 Successfully built pyyaml
#9 48.00 Installing collected packages: python-dateutil, pyparsing, numpy, kiwisolver, decorator, cycler, scipy, PyWavelets, Pillow, networkx, matplotlib, cloudpickle, tqdm, scikit-image, pyyaml
#9 48.06   Attempting uninstall: numpy
#9 48.06     Found existing installation: numpy 1.19.5
#9 48.14     Uninstalling numpy-1.19.5:
#9 48.36       Successfully uninstalled numpy-1.19.5
#9 51.61 ERROR: pip's dependency resolver does not currently take into account all the packages that are installed. This behaviour is the source of the following dependency conflicts.
#9 51.61 tensorflow 2.6.0 requires numpy~=1.19.2, but you have numpy 1.16.6 which is incompatible.
#9 51.61 WARNING: Running pip as the 'root' user can result in broken permissions and conflicting behaviour with the system package manager. It is recommended to use a virtual environment instead: https://pip.pypa.io/warnings/venv
#9 51.61 Successfully installed Pillow-6.2.0 PyWavelets-1.1.1 cloudpickle-2.2.1 cycler-0.11.0 decorator-4.4.2 kiwisolver-1.3.1 matplotlib-3.0.3 networkx-2.5.1 numpy-1.16.6 pyparsing-3.1.4 python-dateutil-2.9.0.post0 pyyaml-5.1.2 scikit-image-0.14.5 scipy-1.1.0 tqdm-4.36.1
#9 52.37 Collecting tflearn
#9 52.60   Downloading tflearn-0.5.0.tar.gz (107 kB)
#9 52.68   Preparing metadata (setup.py): started
#9 52.81   Preparing metadata (setup.py): finished with status 'done'
#9 53.03 Collecting opencv-python-headless==4.5.5.64
#9 53.08   Downloading opencv_python_headless-4.5.5.64-cp36-abi3-manylinux_2_17_x86_64.manylinux2014_x86_64.whl (47.8 MB)
#9 73.93 Requirement already satisfied: numpy>=1.13.3 in /usr/local/lib/python3.6/dist-packages (from opencv-python-headless==4.5.5.64) (1.16.6)
#9 73.93 Requirement already satisfied: six in /usr/local/lib/python3.6/dist-packages (from tflearn) (1.15.0)
#9 73.93 Requirement already satisfied: Pillow in /usr/local/lib/python3.6/dist-packages (from tflearn) (6.2.0)
#9 73.93 Building wheels for collected packages: tflearn
#9 73.93   Building wheel for tflearn (setup.py): started
#9 74.15   Building wheel for tflearn (setup.py): finished with status 'done'
#9 74.15   Created wheel for tflearn: filename=tflearn-0.5.0-py3-none-any.whl size=127299 sha256=7c5e49c4bf4375363a32900599167b1f9eabef9e3601bbe967888dad716dd83e
#9 74.15   Stored in directory: /root/.cache/pip/wheels/b4/7f/53/2cc39cdcd4830aa8c962b88318a6d81b334fa00c9ef35b0923
#9 74.15 Successfully built tflearn
#9 74.25 Installing collected packages: tflearn, opencv-python-headless
#9 74.88 Successfully installed opencv-python-headless-4.5.5.64 tflearn-0.5.0
#9 74.88 WARNING: Running pip as the 'root' user can result in broken permissions and conflicting behaviour with the system package manager. It is recommended to use a virtual environment instead: https://pip.pypa.io/warnings/venv
#9 DONE 78.3s

#10 [6/7] WORKDIR /workspace
#10 DONE 0.6s

#11 [7/7] RUN python3 -c "import tensorflow as tf; print('TensorFlow:', tf.__version__); print('CUDA available:', tf.test.is_built_with_cuda())"
#11 1.494 TensorFlow: 2.6.0
#11 1.494 CUDA available: True
#11 DONE 1.8s

#12 exporting to image
#12 exporting layers
#12 exporting layers 12.8s done
#12 exporting manifest sha256:b4753ffc0ced1c2c6bc7b45eb4f0f86ba81175c2481f91f8ba685bee50b09946 done
#12 exporting config sha256:23356c330e7c4752fc974dd08ddf60b7c730d026004c7e63f9238a4a9905470e done
#12 exporting attestation manifest sha256:08bc0e12b94e50ebdb923ff5963a81809639b7912b06dd54d32f207e06853794 done
#12 exporting manifest list sha256:7aef09e94f266c9d665197ec3215a7ed91ea95e8995843a0e19ad2f0b2fc3c63 done
#12 naming to docker.io/library/p2mpp-gpu:latest done
#12 unpacking to docker.io/library/p2mpp-gpu:latest
#12 unpacking to docker.io/library/p2mpp-gpu:latest 2.0s done
#12 DONE 14.8s
 Docker build completed at Wed Jan 28 01:41:49 PM +06 2026
