#0 building with "default" instance using docker driver

#1 [internal] load build definition from Dockerfile
#1 transferring dockerfile: 2.75kB done
#1 DONE 0.0s

#2 [internal] load metadata for docker.io/tensorflow/tensorflow:2.10.1-gpu
#2 DONE 3.1s

#3 [internal] load .dockerignore
#3 transferring context: 2B done
#3 DONE 0.0s

#4 [internal] load build context
#4 transferring context: 246.60kB done
#4 DONE 0.0s

#5 [ 1/10] FROM docker.io/tensorflow/tensorflow:2.10.1-gpu@sha256:087210b1d2537872f44c82e6c941e0c83a9a7c4e156873b9e1088918318accc5
#5 resolve docker.io/tensorflow/tensorflow:2.10.1-gpu@sha256:087210b1d2537872f44c82e6c941e0c83a9a7c4e156873b9e1088918318accc5 done
#5 DONE 0.1s

#5 [ 1/10] FROM docker.io/tensorflow/tensorflow:2.10.1-gpu@sha256:087210b1d2537872f44c82e6c941e0c83a9a7c4e156873b9e1088918318accc5
#5 sha256:0be56d5808079d1724f54f4cfb3390d354989691cbb98768c6b6fd4f06ced472 0B / 1.09kB 0.2s
#5 sha256:f96cf07c18482a395382de21e20391e7622968694ca54f85b76ca8bf13ba8d10 0B / 1.09kB 0.2s
#5 sha256:00109ab89b686cd25ab053f6442c3b16546b9a04fb8a0c0788168634e88f69c9 0B / 650.55MB 0.2s
#5 sha256:513131f5ea46b1700023ad97fa38b8193c3994b920e11a82b932691e211de65d 0B / 169B 0.2s
#5 sha256:0be56d5808079d1724f54f4cfb3390d354989691cbb98768c6b6fd4f06ced472 1.09kB / 1.09kB 0.8s done
#5 sha256:f96cf07c18482a395382de21e20391e7622968694ca54f85b76ca8bf13ba8d10 1.09kB / 1.09kB 1.0s done
#5 sha256:f95ddf392b1285190dbbd2bab2af614eede8e206ed82d3459cb39fb3922db9d1 0B / 4.74MB 0.2s
#5 sha256:34eb1a77b7bf36a98c3c16eb1cb1f5815216ac5e433e9efb30c3474d7e0ce1a0 0B / 41.48MB 0.2s
#5 sha256:513131f5ea46b1700023ad97fa38b8193c3994b920e11a82b932691e211de65d 169B / 169B 1.2s done
#5 sha256:99dc85f60e170e908b247f63c8c0392df086a2014bea330994f7231f4c55c80a 0B / 7.86kB 0.2s
#5 sha256:f95ddf392b1285190dbbd2bab2af614eede8e206ed82d3459cb39fb3922db9d1 1.05MB / 4.74MB 0.9s
#5 sha256:99dc85f60e170e908b247f63c8c0392df086a2014bea330994f7231f4c55c80a 7.86kB / 7.86kB 0.7s done
#5 sha256:86ddbb160b1d4fdab349fc3f2a3f4f61473473cd460f4f9855523c777d6a7788 0B / 206.00MB 0.2s
#5 sha256:f95ddf392b1285190dbbd2bab2af614eede8e206ed82d3459cb39fb3922db9d1 2.10MB / 4.74MB 1.4s
#5 sha256:34eb1a77b7bf36a98c3c16eb1cb1f5815216ac5e433e9efb30c3474d7e0ce1a0 2.10MB / 41.48MB 1.4s
#5 sha256:f95ddf392b1285190dbbd2bab2af614eede8e206ed82d3459cb39fb3922db9d1 3.15MB / 4.74MB 1.8s
#5 sha256:f95ddf392b1285190dbbd2bab2af614eede8e206ed82d3459cb39fb3922db9d1 4.19MB / 4.74MB 2.3s
#5 sha256:f95ddf392b1285190dbbd2bab2af614eede8e206ed82d3459cb39fb3922db9d1 4.74MB / 4.74MB 2.6s done
#5 sha256:34eb1a77b7bf36a98c3c16eb1cb1f5815216ac5e433e9efb30c3474d7e0ce1a0 4.19MB / 41.48MB 2.4s
#5 sha256:7bf023eb24e1707dc56a984a7b2fb61a6fd96c1baedc6c05d2e63880599227f7 0B / 1.91GB 0.2s
#5 sha256:34eb1a77b7bf36a98c3c16eb1cb1f5815216ac5e433e9efb30c3474d7e0ce1a0 6.29MB / 41.48MB 3.0s
#5 sha256:34eb1a77b7bf36a98c3c16eb1cb1f5815216ac5e433e9efb30c3474d7e0ce1a0 8.39MB / 41.48MB 3.9s
#5 sha256:00109ab89b686cd25ab053f6442c3b16546b9a04fb8a0c0788168634e88f69c9 10.49MB / 650.55MB 5.3s
#5 sha256:34eb1a77b7bf36a98c3c16eb1cb1f5815216ac5e433e9efb30c3474d7e0ce1a0 10.49MB / 41.48MB 4.8s
#5 sha256:34eb1a77b7bf36a98c3c16eb1cb1f5815216ac5e433e9efb30c3474d7e0ce1a0 12.58MB / 41.48MB 6.0s
#5 sha256:86ddbb160b1d4fdab349fc3f2a3f4f61473473cd460f4f9855523c777d6a7788 10.49MB / 206.00MB 5.1s
#5 sha256:34eb1a77b7bf36a98c3c16eb1cb1f5815216ac5e433e9efb30c3474d7e0ce1a0 14.68MB / 41.48MB 6.9s
#5 sha256:34eb1a77b7bf36a98c3c16eb1cb1f5815216ac5e433e9efb30c3474d7e0ce1a0 16.78MB / 41.48MB 7.7s
#5 sha256:7bf023eb24e1707dc56a984a7b2fb61a6fd96c1baedc6c05d2e63880599227f7 9.44MB / 1.91GB 5.3s
#5 sha256:34eb1a77b7bf36a98c3c16eb1cb1f5815216ac5e433e9efb30c3474d7e0ce1a0 18.87MB / 41.48MB 8.7s
#5 sha256:00109ab89b686cd25ab053f6442c3b16546b9a04fb8a0c0788168634e88f69c9 19.92MB / 650.55MB 10.4s
#5 sha256:34eb1a77b7bf36a98c3c16eb1cb1f5815216ac5e433e9efb30c3474d7e0ce1a0 20.97MB / 41.48MB 9.6s
#5 sha256:34eb1a77b7bf36a98c3c16eb1cb1f5815216ac5e433e9efb30c3474d7e0ce1a0 23.07MB / 41.48MB 10.7s
#5 sha256:86ddbb160b1d4fdab349fc3f2a3f4f61473473cd460f4f9855523c777d6a7788 18.87MB / 206.00MB 10.2s
#5 sha256:34eb1a77b7bf36a98c3c16eb1cb1f5815216ac5e433e9efb30c3474d7e0ce1a0 25.17MB / 41.48MB 11.7s
#5 sha256:34eb1a77b7bf36a98c3c16eb1cb1f5815216ac5e433e9efb30c3474d7e0ce1a0 27.26MB / 41.48MB 12.6s
#5 sha256:7bf023eb24e1707dc56a984a7b2fb61a6fd96c1baedc6c05d2e63880599227f7 20.97MB / 1.91GB 10.4s
#5 sha256:34eb1a77b7bf36a98c3c16eb1cb1f5815216ac5e433e9efb30c3474d7e0ce1a0 29.36MB / 41.48MB 13.5s
#5 sha256:34eb1a77b7bf36a98c3c16eb1cb1f5815216ac5e433e9efb30c3474d7e0ce1a0 31.46MB / 41.48MB 14.3s
#5 sha256:00109ab89b686cd25ab053f6442c3b16546b9a04fb8a0c0788168634e88f69c9 32.51MB / 650.55MB 15.5s
#5 sha256:34eb1a77b7bf36a98c3c16eb1cb1f5815216ac5e433e9efb30c3474d7e0ce1a0 33.55MB / 41.48MB 15.0s
#5 sha256:86ddbb160b1d4fdab349fc3f2a3f4f61473473cd460f4f9855523c777d6a7788 29.36MB / 206.00MB 14.9s
#5 sha256:34eb1a77b7bf36a98c3c16eb1cb1f5815216ac5e433e9efb30c3474d7e0ce1a0 35.65MB / 41.48MB 15.9s
#5 sha256:34eb1a77b7bf36a98c3c16eb1cb1f5815216ac5e433e9efb30c3474d7e0ce1a0 37.75MB / 41.48MB 16.8s
#5 sha256:34eb1a77b7bf36a98c3c16eb1cb1f5815216ac5e433e9efb30c3474d7e0ce1a0 39.85MB / 41.48MB 17.9s
#5 sha256:7bf023eb24e1707dc56a984a7b2fb61a6fd96c1baedc6c05d2e63880599227f7 33.55MB / 1.91GB 15.5s
#5 sha256:34eb1a77b7bf36a98c3c16eb1cb1f5815216ac5e433e9efb30c3474d7e0ce1a0 41.48MB / 41.48MB 18.3s done
#5 sha256:92d2e1452f727e063220a45c1711b635ff3f861096865688b85ad09efa04bd52 0B / 6.43kB 0.2s
#5 sha256:92d2e1452f727e063220a45c1711b635ff3f861096865688b85ad09efa04bd52 6.43kB / 6.43kB 0.7s done
#5 sha256:4d8ee731d34ea0ab8f004c609993c2e93210785ea8fc64ebc5185bfe2abdf632 0B / 188B 0.2s
#5 sha256:00109ab89b686cd25ab053f6442c3b16546b9a04fb8a0c0788168634e88f69c9 44.04MB / 650.55MB 20.6s
#5 sha256:4d8ee731d34ea0ab8f004c609993c2e93210785ea8fc64ebc5185bfe2abdf632 188B / 188B 0.6s done
#5 sha256:6aafbce389f98e508428ecdf171fd6e248a9ad0a5e215ec3784e47ffa6c0dd3e 0B / 11.04MB 0.2s
#5 sha256:86ddbb160b1d4fdab349fc3f2a3f4f61473473cd460f4f9855523c777d6a7788 39.85MB / 206.00MB 19.1s
#5 sha256:6aafbce389f98e508428ecdf171fd6e248a9ad0a5e215ec3784e47ffa6c0dd3e 1.05MB / 11.04MB 0.9s
#5 sha256:6aafbce389f98e508428ecdf171fd6e248a9ad0a5e215ec3784e47ffa6c0dd3e 2.10MB / 11.04MB 1.2s
#5 sha256:6aafbce389f98e508428ecdf171fd6e248a9ad0a5e215ec3784e47ffa6c0dd3e 3.15MB / 11.04MB 1.7s
#5 sha256:6aafbce389f98e508428ecdf171fd6e248a9ad0a5e215ec3784e47ffa6c0dd3e 4.19MB / 11.04MB 2.6s
#5 sha256:6aafbce389f98e508428ecdf171fd6e248a9ad0a5e215ec3784e47ffa6c0dd3e 5.24MB / 11.04MB 2.7s
#5 sha256:6aafbce389f98e508428ecdf171fd6e248a9ad0a5e215ec3784e47ffa6c0dd3e 6.29MB / 11.04MB 3.2s
#5 sha256:7bf023eb24e1707dc56a984a7b2fb61a6fd96c1baedc6c05d2e63880599227f7 45.09MB / 1.91GB 20.6s
#5 sha256:6aafbce389f98e508428ecdf171fd6e248a9ad0a5e215ec3784e47ffa6c0dd3e 7.34MB / 11.04MB 3.5s
#5 sha256:6aafbce389f98e508428ecdf171fd6e248a9ad0a5e215ec3784e47ffa6c0dd3e 8.39MB / 11.04MB 3.9s
#5 sha256:6aafbce389f98e508428ecdf171fd6e248a9ad0a5e215ec3784e47ffa6c0dd3e 9.44MB / 11.04MB 4.5s
#5 sha256:86ddbb160b1d4fdab349fc3f2a3f4f61473473cd460f4f9855523c777d6a7788 50.33MB / 206.00MB 23.4s
#5 sha256:6aafbce389f98e508428ecdf171fd6e248a9ad0a5e215ec3784e47ffa6c0dd3e 11.04MB / 11.04MB 4.8s done
#5 sha256:00109ab89b686cd25ab053f6442c3b16546b9a04fb8a0c0788168634e88f69c9 56.62MB / 650.55MB 25.7s
#5 sha256:2798fbbc3b3bc018c0c246c05ee9f91a1ebe81877940610a5e25b77ec5d4fe24 0B / 7.93MB 0.2s
#5 sha256:2798fbbc3b3bc018c0c246c05ee9f91a1ebe81877940610a5e25b77ec5d4fe24 1.05MB / 7.93MB 2.6s
#5 sha256:2798fbbc3b3bc018c0c246c05ee9f91a1ebe81877940610a5e25b77ec5d4fe24 2.10MB / 7.93MB 2.9s
#5 sha256:2798fbbc3b3bc018c0c246c05ee9f91a1ebe81877940610a5e25b77ec5d4fe24 3.15MB / 7.93MB 3.2s
#5 sha256:7bf023eb24e1707dc56a984a7b2fb61a6fd96c1baedc6c05d2e63880599227f7 57.67MB / 1.91GB 25.7s
#5 sha256:2798fbbc3b3bc018c0c246c05ee9f91a1ebe81877940610a5e25b77ec5d4fe24 4.19MB / 7.93MB 3.6s
#5 sha256:86ddbb160b1d4fdab349fc3f2a3f4f61473473cd460f4f9855523c777d6a7788 60.82MB / 206.00MB 27.6s
#5 sha256:2798fbbc3b3bc018c0c246c05ee9f91a1ebe81877940610a5e25b77ec5d4fe24 5.24MB / 7.93MB 4.2s
#5 sha256:2798fbbc3b3bc018c0c246c05ee9f91a1ebe81877940610a5e25b77ec5d4fe24 6.29MB / 7.93MB 4.5s
#5 sha256:2798fbbc3b3bc018c0c246c05ee9f91a1ebe81877940610a5e25b77ec5d4fe24 7.34MB / 7.93MB 5.0s
#5 sha256:00109ab89b686cd25ab053f6442c3b16546b9a04fb8a0c0788168634e88f69c9 69.21MB / 650.55MB 30.8s
#5 sha256:2798fbbc3b3bc018c0c246c05ee9f91a1ebe81877940610a5e25b77ec5d4fe24 7.93MB / 7.93MB 5.7s done
#5 sha256:eaead16dc43bb8811d4ff450935d607f9ba4baffda4fc110cc402fa43f601d83 0B / 28.58MB 0.2s
#5 sha256:eaead16dc43bb8811d4ff450935d607f9ba4baffda4fc110cc402fa43f601d83 2.10MB / 28.58MB 2.4s
#5 sha256:86ddbb160b1d4fdab349fc3f2a3f4f61473473cd460f4f9855523c777d6a7788 71.30MB / 206.00MB 32.0s
#5 sha256:7bf023eb24e1707dc56a984a7b2fb61a6fd96c1baedc6c05d2e63880599227f7 68.16MB / 1.91GB 30.8s
#5 sha256:eaead16dc43bb8811d4ff450935d607f9ba4baffda4fc110cc402fa43f601d83 4.19MB / 28.58MB 3.3s
#5 sha256:eaead16dc43bb8811d4ff450935d607f9ba4baffda4fc110cc402fa43f601d83 6.29MB / 28.58MB 4.1s
#5 sha256:00109ab89b686cd25ab053f6442c3b16546b9a04fb8a0c0788168634e88f69c9 81.79MB / 650.55MB 35.9s
#5 sha256:eaead16dc43bb8811d4ff450935d607f9ba4baffda4fc110cc402fa43f601d83 8.39MB / 28.58MB 5.0s
#5 sha256:eaead16dc43bb8811d4ff450935d607f9ba4baffda4fc110cc402fa43f601d83 10.49MB / 28.58MB 5.7s
#5 sha256:eaead16dc43bb8811d4ff450935d607f9ba4baffda4fc110cc402fa43f601d83 12.58MB / 28.58MB 6.6s
#5 sha256:86ddbb160b1d4fdab349fc3f2a3f4f61473473cd460f4f9855523c777d6a7788 81.79MB / 206.00MB 36.2s
#5 sha256:eaead16dc43bb8811d4ff450935d607f9ba4baffda4fc110cc402fa43f601d83 14.68MB / 28.58MB 7.5s
#5 sha256:7bf023eb24e1707dc56a984a7b2fb61a6fd96c1baedc6c05d2e63880599227f7 80.74MB / 1.91GB 35.9s
#5 sha256:eaead16dc43bb8811d4ff450935d607f9ba4baffda4fc110cc402fa43f601d83 16.78MB / 28.58MB 8.4s
#5 sha256:eaead16dc43bb8811d4ff450935d607f9ba4baffda4fc110cc402fa43f601d83 18.87MB / 28.58MB 9.2s
#5 sha256:00109ab89b686cd25ab053f6442c3b16546b9a04fb8a0c0788168634e88f69c9 94.37MB / 650.55MB 41.0s
#5 sha256:eaead16dc43bb8811d4ff450935d607f9ba4baffda4fc110cc402fa43f601d83 20.97MB / 28.58MB 10.1s
#5 sha256:eaead16dc43bb8811d4ff450935d607f9ba4baffda4fc110cc402fa43f601d83 23.07MB / 28.58MB 11.0s
#5 sha256:86ddbb160b1d4fdab349fc3f2a3f4f61473473cd460f4f9855523c777d6a7788 92.27MB / 206.00MB 40.4s
#5 sha256:eaead16dc43bb8811d4ff450935d607f9ba4baffda4fc110cc402fa43f601d83 25.17MB / 28.58MB 11.7s
#5 sha256:eaead16dc43bb8811d4ff450935d607f9ba4baffda4fc110cc402fa43f601d83 27.26MB / 28.58MB 12.6s
#5 sha256:7bf023eb24e1707dc56a984a7b2fb61a6fd96c1baedc6c05d2e63880599227f7 93.32MB / 1.91GB 41.0s
#5 sha256:eaead16dc43bb8811d4ff450935d607f9ba4baffda4fc110cc402fa43f601d83 28.58MB / 28.58MB 13.2s done
#5 extracting sha256:eaead16dc43bb8811d4ff450935d607f9ba4baffda4fc110cc402fa43f601d83
#5 extracting sha256:eaead16dc43bb8811d4ff450935d607f9ba4baffda4fc110cc402fa43f601d83 0.4s done
#5 extracting sha256:2798fbbc3b3bc018c0c246c05ee9f91a1ebe81877940610a5e25b77ec5d4fe24 0.1s done
#5 extracting sha256:6aafbce389f98e508428ecdf171fd6e248a9ad0a5e215ec3784e47ffa6c0dd3e 0.1s done
#5 extracting sha256:4d8ee731d34ea0ab8f004c609993c2e93210785ea8fc64ebc5185bfe2abdf632 done
#5 extracting sha256:92d2e1452f727e063220a45c1711b635ff3f861096865688b85ad09efa04bd52 done
#5 sha256:00109ab89b686cd25ab053f6442c3b16546b9a04fb8a0c0788168634e88f69c9 106.95MB / 650.55MB 46.1s
#5 sha256:86ddbb160b1d4fdab349fc3f2a3f4f61473473cd460f4f9855523c777d6a7788 102.76MB / 206.00MB 44.7s
#5 sha256:7bf023eb24e1707dc56a984a7b2fb61a6fd96c1baedc6c05d2e63880599227f7 105.91MB / 1.91GB 46.1s
#5 sha256:86ddbb160b1d4fdab349fc3f2a3f4f61473473cd460f4f9855523c777d6a7788 113.25MB / 206.00MB 48.9s
#5 sha256:00109ab89b686cd25ab053f6442c3b16546b9a04fb8a0c0788168634e88f69c9 119.54MB / 650.55MB 51.2s
#5 sha256:7bf023eb24e1707dc56a984a7b2fb61a6fd96c1baedc6c05d2e63880599227f7 118.49MB / 1.91GB 51.2s
#5 sha256:86ddbb160b1d4fdab349fc3f2a3f4f61473473cd460f4f9855523c777d6a7788 123.73MB / 206.00MB 53.1s
#5 sha256:00109ab89b686cd25ab053f6442c3b16546b9a04fb8a0c0788168634e88f69c9 132.12MB / 650.55MB 56.3s
#5 sha256:86ddbb160b1d4fdab349fc3f2a3f4f61473473cd460f4f9855523c777d6a7788 134.22MB / 206.00MB 57.5s
#5 sha256:7bf023eb24e1707dc56a984a7b2fb61a6fd96c1baedc6c05d2e63880599227f7 131.07MB / 1.91GB 56.3s
#5 sha256:00109ab89b686cd25ab053f6442c3b16546b9a04fb8a0c0788168634e88f69c9 144.70MB / 650.55MB 61.4s
#5 sha256:86ddbb160b1d4fdab349fc3f2a3f4f61473473cd460f4f9855523c777d6a7788 144.70MB / 206.00MB 61.7s
#5 sha256:7bf023eb24e1707dc56a984a7b2fb61a6fd96c1baedc6c05d2e63880599227f7 143.65MB / 1.91GB 61.4s
#5 sha256:00109ab89b686cd25ab053f6442c3b16546b9a04fb8a0c0788168634e88f69c9 157.29MB / 650.55MB 66.5s
#5 sha256:86ddbb160b1d4fdab349fc3f2a3f4f61473473cd460f4f9855523c777d6a7788 155.19MB / 206.00MB 65.9s
#5 sha256:7bf023eb24e1707dc56a984a7b2fb61a6fd96c1baedc6c05d2e63880599227f7 156.24MB / 1.91GB 66.5s
#5 sha256:00109ab89b686cd25ab053f6442c3b16546b9a04fb8a0c0788168634e88f69c9 169.87MB / 650.55MB 71.6s
#5 sha256:86ddbb160b1d4fdab349fc3f2a3f4f61473473cd460f4f9855523c777d6a7788 165.68MB / 206.00MB 70.2s
#5 sha256:7bf023eb24e1707dc56a984a7b2fb61a6fd96c1baedc6c05d2e63880599227f7 168.82MB / 1.91GB 71.6s
#5 sha256:86ddbb160b1d4fdab349fc3f2a3f4f61473473cd460f4f9855523c777d6a7788 176.16MB / 206.00MB 74.4s
#5 sha256:00109ab89b686cd25ab053f6442c3b16546b9a04fb8a0c0788168634e88f69c9 182.45MB / 650.55MB 76.7s
#5 sha256:7bf023eb24e1707dc56a984a7b2fb61a6fd96c1baedc6c05d2e63880599227f7 181.40MB / 1.91GB 76.7s
#5 sha256:86ddbb160b1d4fdab349fc3f2a3f4f61473473cd460f4f9855523c777d6a7788 186.65MB / 206.00MB 78.8s
#5 sha256:00109ab89b686cd25ab053f6442c3b16546b9a04fb8a0c0788168634e88f69c9 195.04MB / 650.55MB 81.8s
#5 sha256:86ddbb160b1d4fdab349fc3f2a3f4f61473473cd460f4f9855523c777d6a7788 197.13MB / 206.00MB 83.0s
#5 sha256:7bf023eb24e1707dc56a984a7b2fb61a6fd96c1baedc6c05d2e63880599227f7 193.99MB / 1.91GB 81.8s
#5 sha256:00109ab89b686cd25ab053f6442c3b16546b9a04fb8a0c0788168634e88f69c9 207.62MB / 650.55MB 86.9s
#5 sha256:86ddbb160b1d4fdab349fc3f2a3f4f61473473cd460f4f9855523c777d6a7788 206.00MB / 206.00MB 86.5s done
