#0 building with "default" instance using docker driver

#1 [internal] load build definition from Dockerfile
#1 transferring dockerfile: 1.40kB done
#1 DONE 0.0s

#2 [internal] load metadata for docker.io/pytorch/pytorch:2.0.1-cuda11.7-cudnn8-runtime
#2 DONE 2.0s

#3 [internal] load .dockerignore
#3 transferring context: 2B done
#3 DONE 0.0s

#4 [1/7] FROM docker.io/pytorch/pytorch:2.0.1-cuda11.7-cudnn8-runtime@sha256:82e0d379a5dedd6303c89eda57bcc434c40be11f249ddfadfd5673b84351e806
#4 resolve docker.io/pytorch/pytorch:2.0.1-cuda11.7-cudnn8-runtime@sha256:82e0d379a5dedd6303c89eda57bcc434c40be11f249ddfadfd5673b84351e806 done
#4 DONE 0.0s

#5 [2/7] RUN apt-get update && apt-get install -y     build-essential     git     wget     curl     vim     bc     libgl1-mesa-glx     libglib2.0-0     && rm -rf /var/lib/apt/lists/*
#5 CACHED

#6 [3/7] RUN pip install --upgrade pip &&     pip install     scipy>=1.7     matplotlib>=3.5     scikit-image>=0.19     Pillow>=9.0     tqdm>=4.60     pyyaml>=5.4     opencv-python-headless>=4.5     trimesh>=3.9     "numpy>=1.19,<1.24"
#6 CACHED

#7 [4/7] RUN pip install fvcore iopath
#7 0.572 Collecting fvcore
#7 0.804   Downloading fvcore-0.1.5.post20221221.tar.gz (50 kB)
#7 0.880   Installing build dependencies: started
#7 4.109   Installing build dependencies: finished with status 'done'
#7 4.110   Getting requirements to build wheel: started
#7 4.294   Getting requirements to build wheel: finished with status 'done'
#7 4.295   Preparing metadata (pyproject.toml): started
#7 4.400   Preparing metadata (pyproject.toml): finished with status 'done'
#7 4.533 Collecting iopath
#7 4.584   Downloading iopath-0.1.10.tar.gz (42 kB)
#7 4.724   Installing build dependencies: started
#7 5.453   Installing build dependencies: finished with status 'done'
#7 5.454   Getting requirements to build wheel: started
#7 5.642   Getting requirements to build wheel: finished with status 'done'
#7 5.642   Preparing metadata (pyproject.toml): started
#7 5.749   Preparing metadata (pyproject.toml): finished with status 'done'
#7 5.751 Requirement already satisfied: numpy in /opt/conda/lib/python3.10/site-packages (from fvcore) (1.23.5)
#7 5.894 Collecting yacs>=0.1.6 (from fvcore)
#7 5.945   Downloading yacs-0.1.8-py3-none-any.whl.metadata (639 bytes)
#7 6.026 Requirement already satisfied: pyyaml>=5.1 in /opt/conda/lib/python3.10/site-packages (from fvcore) (6.0)
#7 6.026 Requirement already satisfied: tqdm in /opt/conda/lib/python3.10/site-packages (from fvcore) (4.65.0)
#7 6.245 Collecting termcolor>=1.1 (from fvcore)
#7 6.294   Downloading termcolor-3.3.0-py3-none-any.whl.metadata (6.5 kB)
#7 6.351 Requirement already satisfied: Pillow in /opt/conda/lib/python3.10/site-packages (from fvcore) (9.4.0)
#7 6.462 Collecting tabulate (from fvcore)
#7 6.512   Downloading tabulate-0.9.0-py3-none-any.whl.metadata (34 kB)
#7 6.637 Requirement already satisfied: typing_extensions in /opt/conda/lib/python3.10/site-packages (from iopath) (4.5.0)
#7 6.767 Collecting portalocker (from iopath)
#7 6.813   Downloading portalocker-3.2.0-py3-none-any.whl.metadata (8.7 kB)
#7 6.914 Downloading termcolor-3.3.0-py3-none-any.whl (7.7 kB)
#7 7.020 Downloading yacs-0.1.8-py3-none-any.whl (14 kB)
#7 7.140 Downloading portalocker-3.2.0-py3-none-any.whl (22 kB)
#7 7.260 Downloading tabulate-0.9.0-py3-none-any.whl (35 kB)
#7 7.386 Building wheels for collected packages: fvcore, iopath
#7 7.387   Building wheel for fvcore (pyproject.toml): started
#7 7.520   Building wheel for fvcore (pyproject.toml): finished with status 'done'
#7 7.521   Created wheel for fvcore: filename=fvcore-0.1.5.post20221221-py3-none-any.whl size=61447 sha256=eb53b3cdfb5a430be3aa2b7c64216ccd0e755d48e0b7a74feda3a0f721e22be1
#7 7.521   Stored in directory: /root/.cache/pip/wheels/01/c0/af/77c1cf53a1be9e42a52b48e5af2169d40ec2e89f7362489dd0
#7 7.522   Building wheel for iopath (pyproject.toml): started
#7 7.646   Building wheel for iopath (pyproject.toml): finished with status 'done'
#7 7.647   Created wheel for iopath: filename=iopath-0.1.10-py3-none-any.whl size=31596 sha256=d748d752d125c19e524d5a5f811a50211bc8e7a465149bd3eb21a6474106b6d8
#7 7.647   Stored in directory: /root/.cache/pip/wheels/9a/a3/b6/ac0fcd1b4ed5cfeb3db92e6a0e476cfd48ed0df92b91080c1d
#7 7.648 Successfully built fvcore iopath
#7 7.730 Installing collected packages: yacs, termcolor, tabulate, portalocker, iopath, fvcore
#7 8.195 
#7 8.205 Successfully installed fvcore-0.1.5.post20221221 iopath-0.1.10 portalocker-3.2.0 tabulate-0.9.0 termcolor-3.3.0 yacs-0.1.8
#7 8.205 WARNING: Running pip as the 'root' user can result in broken permissions and conflicting behaviour with the system package manager, possibly rendering your system unusable. It is recommended to use a virtual environment instead: https://pip.pypa.io/warnings/venv. Use the --root-user-action option if you know what you are doing and want to suppress this warning.
#7 DONE 8.5s

#8 [5/7] RUN pip install --no-index --no-cache-dir pytorch3d -f https://dl.fbaipublicfiles.com/pytorch3d/packaging/wheels/py310_cu117_pyt201/download.html ||     echo "[WARN] PyTorch3D pre-built wheel not available, will use custom implementation"
#8 0.836 Looking in links: https://dl.fbaipublicfiles.com/pytorch3d/packaging/wheels/py310_cu117_pyt201/download.html
#8 1.811 Collecting pytorch3d
#8 2.743   Downloading https://dl.fbaipublicfiles.com/pytorch3d/packaging/wheels/py310_cu117_pyt201/pytorch3d-0.7.4-cp310-cp310-linux_x86_64.whl (20.2 MB)
#8 16.10      ━━━━━━━━━━━━━━━━━━━━━━━━━━━━━━━━━━━━━━━━ 20.2/20.2 MB 1.6 MB/s  0:00:13
#8 16.12 Requirement already satisfied: fvcore in /opt/conda/lib/python3.10/site-packages (from pytorch3d) (0.1.5.post20221221)
#8 16.12 Requirement already satisfied: iopath in /opt/conda/lib/python3.10/site-packages (from pytorch3d) (0.1.10)
#8 16.12 Requirement already satisfied: numpy in /opt/conda/lib/python3.10/site-packages (from fvcore->pytorch3d) (1.23.5)
#8 16.12 Requirement already satisfied: yacs>=0.1.6 in /opt/conda/lib/python3.10/site-packages (from fvcore->pytorch3d) (0.1.8)
#8 16.12 Requirement already satisfied: pyyaml>=5.1 in /opt/conda/lib/python3.10/site-packages (from fvcore->pytorch3d) (6.0)
#8 16.12 Requirement already satisfied: tqdm in /opt/conda/lib/python3.10/site-packages (from fvcore->pytorch3d) (4.65.0)
#8 16.12 Requirement already satisfied: termcolor>=1.1 in /opt/conda/lib/python3.10/site-packages (from fvcore->pytorch3d) (3.3.0)
#8 16.12 Requirement already satisfied: Pillow in /opt/conda/lib/python3.10/site-packages (from fvcore->pytorch3d) (9.4.0)
#8 16.12 Requirement already satisfied: tabulate in /opt/conda/lib/python3.10/site-packages (from fvcore->pytorch3d) (0.9.0)
#8 16.12 Requirement already satisfied: typing_extensions in /opt/conda/lib/python3.10/site-packages (from iopath->pytorch3d) (4.5.0)
#8 16.12 Requirement already satisfied: portalocker in /opt/conda/lib/python3.10/site-packages (from iopath->pytorch3d) (3.2.0)
#8 16.22 Installing collected packages: pytorch3d
#8 16.58 Successfully installed pytorch3d-0.7.4
#8 16.58 WARNING: Running pip as the 'root' user can result in broken permissions and conflicting behaviour with the system package manager, possibly rendering your system unusable. It is recommended to use a virtual environment instead: https://pip.pypa.io/warnings/venv. Use the --root-user-action option if you know what you are doing and want to suppress this warning.
#8 DONE 16.7s

#9 [6/7] WORKDIR /workspace
#9 DONE 0.0s

#10 [7/7] RUN python -c "import torch; print(f'PyTorch: {torch.__version__}'); print(f'CUDA: {torch.cuda.is_available()}'); print(f'GPU Count: {torch.cuda.device_count()}')"
#10 0.942 PyTorch: 2.0.1
#10 0.943 CUDA: False
#10 0.943 GPU Count: 0
#10 DONE 1.2s

#11 exporting to image
#11 exporting layers
#11 exporting layers 14.8s done
#11 exporting manifest sha256:54714099e6281f6201f11e31c2e7d8ca68b504c22202444733fdb09def8d3726 done
#11 exporting config sha256:23f7bca293d1df5e5c4360ec8ed431ec881710f21d4ddb39f31ca24d4787e804 done
#11 exporting attestation manifest sha256:429e758ea5aa4d7a55493d3d88a188037ab72ed6c2fcb13e57cc98bfffb7e751 0.0s done
#11 exporting manifest list sha256:8f6aac9f9a0c5d20157b21f876b04930681e2f8eecd7b45a325647702e5197d6 done
#11 naming to docker.io/library/p2mpp-pytorch:gpu done
#11 unpacking to docker.io/library/p2mpp-pytorch:gpu
#11 unpacking to docker.io/library/p2mpp-pytorch:gpu 4.1s done
#11 DONE 18.9s
