#0 building with "default" instance using docker driver

#1 [internal] load build definition from Dockerfile
#1 transferring dockerfile: 1.14kB done
#1 DONE 0.0s

#2 [internal] load metadata for docker.io/pytorch/pytorch:2.0.1-cuda11.7-cudnn8-runtime
#2 DONE 3.1s

#3 [internal] load .dockerignore
#3 transferring context: 2B done
#3 DONE 0.0s

#4 [1/6] FROM docker.io/pytorch/pytorch:2.0.1-cuda11.7-cudnn8-runtime@sha256:82e0d379a5dedd6303c89eda57bcc434c40be11f249ddfadfd5673b84351e806
#4 resolve docker.io/pytorch/pytorch:2.0.1-cuda11.7-cudnn8-runtime@sha256:82e0d379a5dedd6303c89eda57bcc434c40be11f249ddfadfd5673b84351e806 done
#4 sha256:2185b402c9ca9c9a1e03db5b387fe9a1dc43c1247bf41199b18e901c2e44ff35 0B / 99B 0.2s
#4 sha256:035a286326d65b413051a4c52e7df0037d89f1075f7be98c9586d1c856ace994 0B / 3.11GB 0.2s
#4 sha256:4ade0a4bc5d597c845bc3c27c47453522019ee188adbc4110029bbea11e5adec 0B / 9.99MB 0.2s
#4 sha256:99803d4b97f3db529ae9ca4174b0951afac6b309e7deaa8ec3214c584e02b3a8 0B / 28.58MB 0.2s
#4 sha256:2185b402c9ca9c9a1e03db5b387fe9a1dc43c1247bf41199b18e901c2e44ff35 99B / 99B 0.6s done
#4 sha256:4ade0a4bc5d597c845bc3c27c47453522019ee188adbc4110029bbea11e5adec 1.05MB / 9.99MB 1.8s
#4 sha256:4ade0a4bc5d597c845bc3c27c47453522019ee188adbc4110029bbea11e5adec 2.10MB / 9.99MB 2.3s
#4 sha256:99803d4b97f3db529ae9ca4174b0951afac6b309e7deaa8ec3214c584e02b3a8 2.10MB / 28.58MB 2.6s
#4 sha256:4ade0a4bc5d597c845bc3c27c47453522019ee188adbc4110029bbea11e5adec 3.15MB / 9.99MB 3.2s
#4 sha256:99803d4b97f3db529ae9ca4174b0951afac6b309e7deaa8ec3214c584e02b3a8 4.19MB / 28.58MB 3.2s
#4 sha256:4ade0a4bc5d597c845bc3c27c47453522019ee188adbc4110029bbea11e5adec 4.19MB / 9.99MB 3.5s
#4 sha256:4ade0a4bc5d597c845bc3c27c47453522019ee188adbc4110029bbea11e5adec 5.24MB / 9.99MB 3.9s
#4 sha256:99803d4b97f3db529ae9ca4174b0951afac6b309e7deaa8ec3214c584e02b3a8 6.29MB / 28.58MB 4.1s
#4 sha256:4ade0a4bc5d597c845bc3c27c47453522019ee188adbc4110029bbea11e5adec 6.29MB / 9.99MB 4.4s
#4 sha256:4ade0a4bc5d597c845bc3c27c47453522019ee188adbc4110029bbea11e5adec 7.34MB / 9.99MB 4.8s
#4 sha256:99803d4b97f3db529ae9ca4174b0951afac6b309e7deaa8ec3214c584e02b3a8 8.39MB / 28.58MB 5.0s
#4 sha256:035a286326d65b413051a4c52e7df0037d89f1075f7be98c9586d1c856ace994 10.49MB / 3.11GB 5.3s
#4 sha256:4ade0a4bc5d597c845bc3c27c47453522019ee188adbc4110029bbea11e5adec 8.39MB / 9.99MB 5.3s
#4 sha256:4ade0a4bc5d597c845bc3c27c47453522019ee188adbc4110029bbea11e5adec 9.44MB / 9.99MB 5.7s
#4 sha256:4ade0a4bc5d597c845bc3c27c47453522019ee188adbc4110029bbea11e5adec 9.99MB / 9.99MB 5.8s done
#4 sha256:99803d4b97f3db529ae9ca4174b0951afac6b309e7deaa8ec3214c584e02b3a8 10.49MB / 28.58MB 5.9s
#4 sha256:99803d4b97f3db529ae9ca4174b0951afac6b309e7deaa8ec3214c584e02b3a8 12.58MB / 28.58MB 6.6s
#4 sha256:99803d4b97f3db529ae9ca4174b0951afac6b309e7deaa8ec3214c584e02b3a8 14.68MB / 28.58MB 7.5s
#4 sha256:99803d4b97f3db529ae9ca4174b0951afac6b309e7deaa8ec3214c584e02b3a8 16.78MB / 28.58MB 8.4s
#4 sha256:99803d4b97f3db529ae9ca4174b0951afac6b309e7deaa8ec3214c584e02b3a8 18.87MB / 28.58MB 9.2s
#4 sha256:99803d4b97f3db529ae9ca4174b0951afac6b309e7deaa8ec3214c584e02b3a8 20.97MB / 28.58MB 10.1s
#4 sha256:035a286326d65b413051a4c52e7df0037d89f1075f7be98c9586d1c856ace994 23.07MB / 3.11GB 10.4s
#4 sha256:99803d4b97f3db529ae9ca4174b0951afac6b309e7deaa8ec3214c584e02b3a8 23.07MB / 28.58MB 11.0s
#4 sha256:99803d4b97f3db529ae9ca4174b0951afac6b309e7deaa8ec3214c584e02b3a8 25.17MB / 28.58MB 11.7s
#4 sha256:99803d4b97f3db529ae9ca4174b0951afac6b309e7deaa8ec3214c584e02b3a8 27.26MB / 28.58MB 12.6s
#4 sha256:99803d4b97f3db529ae9ca4174b0951afac6b309e7deaa8ec3214c584e02b3a8 28.58MB / 28.58MB 13.4s done
#4 extracting sha256:99803d4b97f3db529ae9ca4174b0951afac6b309e7deaa8ec3214c584e02b3a8
#4 extracting sha256:99803d4b97f3db529ae9ca4174b0951afac6b309e7deaa8ec3214c584e02b3a8 0.6s done
#4 extracting sha256:4ade0a4bc5d597c845bc3c27c47453522019ee188adbc4110029bbea11e5adec
#4 extracting sha256:4ade0a4bc5d597c845bc3c27c47453522019ee188adbc4110029bbea11e5adec 0.4s done
#4 sha256:035a286326d65b413051a4c52e7df0037d89f1075f7be98c9586d1c856ace994 35.65MB / 3.11GB 15.5s
#4 sha256:035a286326d65b413051a4c52e7df0037d89f1075f7be98c9586d1c856ace994 48.23MB / 3.11GB 20.6s
#4 sha256:035a286326d65b413051a4c52e7df0037d89f1075f7be98c9586d1c856ace994 60.82MB / 3.11GB 25.7s
#4 sha256:035a286326d65b413051a4c52e7df0037d89f1075f7be98c9586d1c856ace994 73.40MB / 3.11GB 30.8s
#4 sha256:035a286326d65b413051a4c52e7df0037d89f1075f7be98c9586d1c856ace994 85.98MB / 3.11GB 35.9s
#4 sha256:035a286326d65b413051a4c52e7df0037d89f1075f7be98c9586d1c856ace994 98.57MB / 3.11GB 41.0s
#4 sha256:035a286326d65b413051a4c52e7df0037d89f1075f7be98c9586d1c856ace994 111.15MB / 3.11GB 46.1s
#4 sha256:035a286326d65b413051a4c52e7df0037d89f1075f7be98c9586d1c856ace994 123.73MB / 3.11GB 51.2s
#4 sha256:035a286326d65b413051a4c52e7df0037d89f1075f7be98c9586d1c856ace994 136.31MB / 3.11GB 56.3s
#4 sha256:035a286326d65b413051a4c52e7df0037d89f1075f7be98c9586d1c856ace994 148.90MB / 3.11GB 61.4s
#4 sha256:035a286326d65b413051a4c52e7df0037d89f1075f7be98c9586d1c856ace994 161.48MB / 3.11GB 66.5s
#4 sha256:035a286326d65b413051a4c52e7df0037d89f1075f7be98c9586d1c856ace994 174.06MB / 3.11GB 71.6s
#4 sha256:035a286326d65b413051a4c52e7df0037d89f1075f7be98c9586d1c856ace994 186.65MB / 3.11GB 76.7s
#4 sha256:035a286326d65b413051a4c52e7df0037d89f1075f7be98c9586d1c856ace994 199.23MB / 3.11GB 81.8s
#4 sha256:035a286326d65b413051a4c52e7df0037d89f1075f7be98c9586d1c856ace994 211.81MB / 3.11GB 86.9s
#4 sha256:035a286326d65b413051a4c52e7df0037d89f1075f7be98c9586d1c856ace994 224.40MB / 3.11GB 92.0s
#4 sha256:035a286326d65b413051a4c52e7df0037d89f1075f7be98c9586d1c856ace994 236.98MB / 3.11GB 97.1s
#4 sha256:035a286326d65b413051a4c52e7df0037d89f1075f7be98c9586d1c856ace994 249.56MB / 3.11GB 102.2s
#4 sha256:035a286326d65b413051a4c52e7df0037d89f1075f7be98c9586d1c856ace994 261.10MB / 3.11GB 107.3s
#4 sha256:035a286326d65b413051a4c52e7df0037d89f1075f7be98c9586d1c856ace994 273.68MB / 3.11GB 112.4s
#4 sha256:035a286326d65b413051a4c52e7df0037d89f1075f7be98c9586d1c856ace994 286.26MB / 3.11GB 117.5s
#4 sha256:035a286326d65b413051a4c52e7df0037d89f1075f7be98c9586d1c856ace994 298.84MB / 3.11GB 122.6s
#4 sha256:035a286326d65b413051a4c52e7df0037d89f1075f7be98c9586d1c856ace994 311.43MB / 3.11GB 127.7s
#4 sha256:035a286326d65b413051a4c52e7df0037d89f1075f7be98c9586d1c856ace994 324.01MB / 3.11GB 132.8s
#4 sha256:035a286326d65b413051a4c52e7df0037d89f1075f7be98c9586d1c856ace994 336.59MB / 3.11GB 137.9s
#4 sha256:035a286326d65b413051a4c52e7df0037d89f1075f7be98c9586d1c856ace994 349.18MB / 3.11GB 143.0s
#4 sha256:035a286326d65b413051a4c52e7df0037d89f1075f7be98c9586d1c856ace994 361.76MB / 3.11GB 148.1s
#4 sha256:035a286326d65b413051a4c52e7df0037d89f1075f7be98c9586d1c856ace994 374.34MB / 3.11GB 153.2s
#4 sha256:035a286326d65b413051a4c52e7df0037d89f1075f7be98c9586d1c856ace994 386.92MB / 3.11GB 158.3s
#4 sha256:035a286326d65b413051a4c52e7df0037d89f1075f7be98c9586d1c856ace994 399.51MB / 3.11GB 163.4s
#4 sha256:035a286326d65b413051a4c52e7df0037d89f1075f7be98c9586d1c856ace994 412.09MB / 3.11GB 168.5s
#4 sha256:035a286326d65b413051a4c52e7df0037d89f1075f7be98c9586d1c856ace994 424.67MB / 3.11GB 173.6s
#4 sha256:035a286326d65b413051a4c52e7df0037d89f1075f7be98c9586d1c856ace994 437.26MB / 3.11GB 178.7s
#4 sha256:035a286326d65b413051a4c52e7df0037d89f1075f7be98c9586d1c856ace994 449.84MB / 3.11GB 183.8s
#4 sha256:035a286326d65b413051a4c52e7df0037d89f1075f7be98c9586d1c856ace994 462.42MB / 3.11GB 188.9s
#4 sha256:035a286326d65b413051a4c52e7df0037d89f1075f7be98c9586d1c856ace994 475.00MB / 3.11GB 194.0s
#4 sha256:035a286326d65b413051a4c52e7df0037d89f1075f7be98c9586d1c856ace994 487.59MB / 3.11GB 199.1s
#4 sha256:035a286326d65b413051a4c52e7df0037d89f1075f7be98c9586d1c856ace994 500.17MB / 3.11GB 204.2s
#4 sha256:035a286326d65b413051a4c52e7df0037d89f1075f7be98c9586d1c856ace994 512.75MB / 3.11GB 209.3s
#4 sha256:035a286326d65b413051a4c52e7df0037d89f1075f7be98c9586d1c856ace994 525.34MB / 3.11GB 214.4s
#4 sha256:035a286326d65b413051a4c52e7df0037d89f1075f7be98c9586d1c856ace994 537.92MB / 3.11GB 219.5s
#4 sha256:035a286326d65b413051a4c52e7df0037d89f1075f7be98c9586d1c856ace994 550.50MB / 3.11GB 224.6s
#4 sha256:035a286326d65b413051a4c52e7df0037d89f1075f7be98c9586d1c856ace994 563.09MB / 3.11GB 229.7s
#4 sha256:035a286326d65b413051a4c52e7df0037d89f1075f7be98c9586d1c856ace994 575.67MB / 3.11GB 234.8s
#4 sha256:035a286326d65b413051a4c52e7df0037d89f1075f7be98c9586d1c856ace994 588.25MB / 3.11GB 239.9s
#4 sha256:035a286326d65b413051a4c52e7df0037d89f1075f7be98c9586d1c856ace994 600.83MB / 3.11GB 245.0s
#4 sha256:035a286326d65b413051a4c52e7df0037d89f1075f7be98c9586d1c856ace994 613.42MB / 3.11GB 250.1s
#4 sha256:035a286326d65b413051a4c52e7df0037d89f1075f7be98c9586d1c856ace994 626.00MB / 3.11GB 255.2s
#4 sha256:035a286326d65b413051a4c52e7df0037d89f1075f7be98c9586d1c856ace994 638.58MB / 3.11GB 260.3s
#4 sha256:035a286326d65b413051a4c52e7df0037d89f1075f7be98c9586d1c856ace994 651.17MB / 3.11GB 265.4s
#4 sha256:035a286326d65b413051a4c52e7df0037d89f1075f7be98c9586d1c856ace994 663.75MB / 3.11GB 270.5s
#4 sha256:035a286326d65b413051a4c52e7df0037d89f1075f7be98c9586d1c856ace994 676.33MB / 3.11GB 275.6s
#4 sha256:035a286326d65b413051a4c52e7df0037d89f1075f7be98c9586d1c856ace994 688.91MB / 3.11GB 280.7s
#4 sha256:035a286326d65b413051a4c52e7df0037d89f1075f7be98c9586d1c856ace994 701.50MB / 3.11GB 285.8s
#4 sha256:035a286326d65b413051a4c52e7df0037d89f1075f7be98c9586d1c856ace994 714.08MB / 3.11GB 290.9s
#4 sha256:035a286326d65b413051a4c52e7df0037d89f1075f7be98c9586d1c856ace994 726.66MB / 3.11GB 296.0s
#4 sha256:035a286326d65b413051a4c52e7df0037d89f1075f7be98c9586d1c856ace994 739.25MB / 3.11GB 301.1s
#4 sha256:035a286326d65b413051a4c52e7df0037d89f1075f7be98c9586d1c856ace994 751.83MB / 3.11GB 306.2s
#4 sha256:035a286326d65b413051a4c52e7df0037d89f1075f7be98c9586d1c856ace994 764.41MB / 3.11GB 311.3s
#4 sha256:035a286326d65b413051a4c52e7df0037d89f1075f7be98c9586d1c856ace994 776.99MB / 3.11GB 316.4s
#4 sha256:035a286326d65b413051a4c52e7df0037d89f1075f7be98c9586d1c856ace994 788.53MB / 3.11GB 321.5s
#4 sha256:035a286326d65b413051a4c52e7df0037d89f1075f7be98c9586d1c856ace994 801.11MB / 3.11GB 326.6s
#4 sha256:035a286326d65b413051a4c52e7df0037d89f1075f7be98c9586d1c856ace994 813.69MB / 3.11GB 331.7s
#4 sha256:035a286326d65b413051a4c52e7df0037d89f1075f7be98c9586d1c856ace994 826.28MB / 3.11GB 336.8s
#4 sha256:035a286326d65b413051a4c52e7df0037d89f1075f7be98c9586d1c856ace994 838.86MB / 3.11GB 341.9s
#4 sha256:035a286326d65b413051a4c52e7df0037d89f1075f7be98c9586d1c856ace994 851.44MB / 3.11GB 347.0s
#4 sha256:035a286326d65b413051a4c52e7df0037d89f1075f7be98c9586d1c856ace994 864.03MB / 3.11GB 352.1s
#4 sha256:035a286326d65b413051a4c52e7df0037d89f1075f7be98c9586d1c856ace994 876.61MB / 3.11GB 357.2s
#4 sha256:035a286326d65b413051a4c52e7df0037d89f1075f7be98c9586d1c856ace994 889.19MB / 3.11GB 362.3s
#4 sha256:035a286326d65b413051a4c52e7df0037d89f1075f7be98c9586d1c856ace994 901.78MB / 3.11GB 367.4s
#4 sha256:035a286326d65b413051a4c52e7df0037d89f1075f7be98c9586d1c856ace994 914.36MB / 3.11GB 372.5s
#4 sha256:035a286326d65b413051a4c52e7df0037d89f1075f7be98c9586d1c856ace994 926.94MB / 3.11GB 377.6s
#4 sha256:035a286326d65b413051a4c52e7df0037d89f1075f7be98c9586d1c856ace994 939.52MB / 3.11GB 382.7s
#4 sha256:035a286326d65b413051a4c52e7df0037d89f1075f7be98c9586d1c856ace994 952.11MB / 3.11GB 387.8s
#4 sha256:035a286326d65b413051a4c52e7df0037d89f1075f7be98c9586d1c856ace994 964.69MB / 3.11GB 392.9s
#4 sha256:035a286326d65b413051a4c52e7df0037d89f1075f7be98c9586d1c856ace994 977.27MB / 3.11GB 398.0s
#4 sha256:035a286326d65b413051a4c52e7df0037d89f1075f7be98c9586d1c856ace994 989.86MB / 3.11GB 403.1s
#4 sha256:035a286326d65b413051a4c52e7df0037d89f1075f7be98c9586d1c856ace994 1.00GB / 3.11GB 408.2s
#4 sha256:035a286326d65b413051a4c52e7df0037d89f1075f7be98c9586d1c856ace994 1.02GB / 3.11GB 413.3s
#4 sha256:035a286326d65b413051a4c52e7df0037d89f1075f7be98c9586d1c856ace994 1.03GB / 3.11GB 418.4s
#4 sha256:035a286326d65b413051a4c52e7df0037d89f1075f7be98c9586d1c856ace994 1.04GB / 3.11GB 423.5s
#4 sha256:035a286326d65b413051a4c52e7df0037d89f1075f7be98c9586d1c856ace994 1.05GB / 3.11GB 428.6s
#4 sha256:035a286326d65b413051a4c52e7df0037d89f1075f7be98c9586d1c856ace994 1.07GB / 3.11GB 433.7s
#4 sha256:035a286326d65b413051a4c52e7df0037d89f1075f7be98c9586d1c856ace994 1.08GB / 3.11GB 438.8s
#4 sha256:035a286326d65b413051a4c52e7df0037d89f1075f7be98c9586d1c856ace994 1.09GB / 3.11GB 443.9s
#4 sha256:035a286326d65b413051a4c52e7df0037d89f1075f7be98c9586d1c856ace994 1.10GB / 3.11GB 449.0s
#4 sha256:035a286326d65b413051a4c52e7df0037d89f1075f7be98c9586d1c856ace994 1.12GB / 3.11GB 454.1s
#4 sha256:035a286326d65b413051a4c52e7df0037d89f1075f7be98c9586d1c856ace994 1.13GB / 3.11GB 459.2s
#4 sha256:035a286326d65b413051a4c52e7df0037d89f1075f7be98c9586d1c856ace994 1.14GB / 3.11GB 464.3s
#4 sha256:035a286326d65b413051a4c52e7df0037d89f1075f7be98c9586d1c856ace994 1.15GB / 3.11GB 469.4s
#4 sha256:035a286326d65b413051a4c52e7df0037d89f1075f7be98c9586d1c856ace994 1.17GB / 3.11GB 474.5s
#4 sha256:035a286326d65b413051a4c52e7df0037d89f1075f7be98c9586d1c856ace994 1.18GB / 3.11GB 479.6s
#4 sha256:035a286326d65b413051a4c52e7df0037d89f1075f7be98c9586d1c856ace994 1.19GB / 3.11GB 484.7s
#4 sha256:035a286326d65b413051a4c52e7df0037d89f1075f7be98c9586d1c856ace994 1.20GB / 3.11GB 489.8s
#4 sha256:035a286326d65b413051a4c52e7df0037d89f1075f7be98c9586d1c856ace994 1.22GB / 3.11GB 494.9s
#4 sha256:035a286326d65b413051a4c52e7df0037d89f1075f7be98c9586d1c856ace994 1.23GB / 3.11GB 500.0s
#4 sha256:035a286326d65b413051a4c52e7df0037d89f1075f7be98c9586d1c856ace994 1.24GB / 3.11GB 505.1s
#4 sha256:035a286326d65b413051a4c52e7df0037d89f1075f7be98c9586d1c856ace994 1.25GB / 3.11GB 510.2s
#4 sha256:035a286326d65b413051a4c52e7df0037d89f1075f7be98c9586d1c856ace994 1.27GB / 3.11GB 515.3s
#4 sha256:035a286326d65b413051a4c52e7df0037d89f1075f7be98c9586d1c856ace994 1.28GB / 3.11GB 520.4s
#4 sha256:035a286326d65b413051a4c52e7df0037d89f1075f7be98c9586d1c856ace994 1.29GB / 3.11GB 525.5s
#4 sha256:035a286326d65b413051a4c52e7df0037d89f1075f7be98c9586d1c856ace994 1.30GB / 3.11GB 530.6s
#4 sha256:035a286326d65b413051a4c52e7df0037d89f1075f7be98c9586d1c856ace994 1.32GB / 3.11GB 535.7s
#4 sha256:035a286326d65b413051a4c52e7df0037d89f1075f7be98c9586d1c856ace994 1.33GB / 3.11GB 540.8s
#4 sha256:035a286326d65b413051a4c52e7df0037d89f1075f7be98c9586d1c856ace994 1.34GB / 3.11GB 545.9s
#4 sha256:035a286326d65b413051a4c52e7df0037d89f1075f7be98c9586d1c856ace994 1.35GB / 3.11GB 551.0s
#4 sha256:035a286326d65b413051a4c52e7df0037d89f1075f7be98c9586d1c856ace994 1.37GB / 3.11GB 556.1s
#4 sha256:035a286326d65b413051a4c52e7df0037d89f1075f7be98c9586d1c856ace994 1.38GB / 3.11GB 561.2s
#4 sha256:035a286326d65b413051a4c52e7df0037d89f1075f7be98c9586d1c856ace994 1.39GB / 3.11GB 566.3s
#4 sha256:035a286326d65b413051a4c52e7df0037d89f1075f7be98c9586d1c856ace994 1.40GB / 3.11GB 571.4s
#4 sha256:035a286326d65b413051a4c52e7df0037d89f1075f7be98c9586d1c856ace994 1.42GB / 3.11GB 576.5s
#4 sha256:035a286326d65b413051a4c52e7df0037d89f1075f7be98c9586d1c856ace994 1.43GB / 3.11GB 581.6s
#4 sha256:035a286326d65b413051a4c52e7df0037d89f1075f7be98c9586d1c856ace994 1.44GB / 3.11GB 586.7s
#4 sha256:035a286326d65b413051a4c52e7df0037d89f1075f7be98c9586d1c856ace994 1.45GB / 3.11GB 591.8s
#4 sha256:035a286326d65b413051a4c52e7df0037d89f1075f7be98c9586d1c856ace994 1.47GB / 3.11GB 596.9s
#4 sha256:035a286326d65b413051a4c52e7df0037d89f1075f7be98c9586d1c856ace994 1.48GB / 3.11GB 602.0s
#4 sha256:035a286326d65b413051a4c52e7df0037d89f1075f7be98c9586d1c856ace994 1.49GB / 3.11GB 607.1s
#4 sha256:035a286326d65b413051a4c52e7df0037d89f1075f7be98c9586d1c856ace994 1.50GB / 3.11GB 612.2s
#4 sha256:035a286326d65b413051a4c52e7df0037d89f1075f7be98c9586d1c856ace994 1.52GB / 3.11GB 617.3s
#4 sha256:035a286326d65b413051a4c52e7df0037d89f1075f7be98c9586d1c856ace994 1.53GB / 3.11GB 622.4s
#4 sha256:035a286326d65b413051a4c52e7df0037d89f1075f7be98c9586d1c856ace994 1.54GB / 3.11GB 627.5s
#4 sha256:035a286326d65b413051a4c52e7df0037d89f1075f7be98c9586d1c856ace994 1.56GB / 3.11GB 632.6s
#4 sha256:035a286326d65b413051a4c52e7df0037d89f1075f7be98c9586d1c856ace994 1.57GB / 3.11GB 637.7s
#4 sha256:035a286326d65b413051a4c52e7df0037d89f1075f7be98c9586d1c856ace994 1.58GB / 3.11GB 642.8s
#4 sha256:035a286326d65b413051a4c52e7df0037d89f1075f7be98c9586d1c856ace994 1.59GB / 3.11GB 647.9s
#4 sha256:035a286326d65b413051a4c52e7df0037d89f1075f7be98c9586d1c856ace994 1.61GB / 3.11GB 653.0s
#4 sha256:035a286326d65b413051a4c52e7df0037d89f1075f7be98c9586d1c856ace994 1.62GB / 3.11GB 658.1s
#4 sha256:035a286326d65b413051a4c52e7df0037d89f1075f7be98c9586d1c856ace994 1.63GB / 3.11GB 663.2s
#4 sha256:035a286326d65b413051a4c52e7df0037d89f1075f7be98c9586d1c856ace994 1.64GB / 3.11GB 668.3s
#4 sha256:035a286326d65b413051a4c52e7df0037d89f1075f7be98c9586d1c856ace994 1.66GB / 3.11GB 673.4s
#4 sha256:035a286326d65b413051a4c52e7df0037d89f1075f7be98c9586d1c856ace994 1.67GB / 3.11GB 678.5s
#4 sha256:035a286326d65b413051a4c52e7df0037d89f1075f7be98c9586d1c856ace994 1.68GB / 3.11GB 683.6s
#4 sha256:035a286326d65b413051a4c52e7df0037d89f1075f7be98c9586d1c856ace994 1.69GB / 3.11GB 688.7s
#4 sha256:035a286326d65b413051a4c52e7df0037d89f1075f7be98c9586d1c856ace994 1.71GB / 3.11GB 693.8s
#4 sha256:035a286326d65b413051a4c52e7df0037d89f1075f7be98c9586d1c856ace994 1.72GB / 3.11GB 698.9s
#4 sha256:035a286326d65b413051a4c52e7df0037d89f1075f7be98c9586d1c856ace994 1.73GB / 3.11GB 704.0s
#4 sha256:035a286326d65b413051a4c52e7df0037d89f1075f7be98c9586d1c856ace994 1.74GB / 3.11GB 709.1s
#4 sha256:035a286326d65b413051a4c52e7df0037d89f1075f7be98c9586d1c856ace994 1.76GB / 3.11GB 714.2s
#4 sha256:035a286326d65b413051a4c52e7df0037d89f1075f7be98c9586d1c856ace994 1.77GB / 3.11GB 719.3s
#4 sha256:035a286326d65b413051a4c52e7df0037d89f1075f7be98c9586d1c856ace994 1.78GB / 3.11GB 724.4s
#4 sha256:035a286326d65b413051a4c52e7df0037d89f1075f7be98c9586d1c856ace994 1.79GB / 3.11GB 729.5s
#4 sha256:035a286326d65b413051a4c52e7df0037d89f1075f7be98c9586d1c856ace994 1.81GB / 3.11GB 734.6s
#4 sha256:035a286326d65b413051a4c52e7df0037d89f1075f7be98c9586d1c856ace994 1.82GB / 3.11GB 739.7s
#4 sha256:035a286326d65b413051a4c52e7df0037d89f1075f7be98c9586d1c856ace994 1.83GB / 3.11GB 744.8s
#4 sha256:035a286326d65b413051a4c52e7df0037d89f1075f7be98c9586d1c856ace994 1.84GB / 3.11GB 749.9s
#4 sha256:035a286326d65b413051a4c52e7df0037d89f1075f7be98c9586d1c856ace994 1.86GB / 3.11GB 755.0s
#4 sha256:035a286326d65b413051a4c52e7df0037d89f1075f7be98c9586d1c856ace994 1.87GB / 3.11GB 760.1s
#4 sha256:035a286326d65b413051a4c52e7df0037d89f1075f7be98c9586d1c856ace994 1.88GB / 3.11GB 765.2s
#4 sha256:035a286326d65b413051a4c52e7df0037d89f1075f7be98c9586d1c856ace994 1.89GB / 3.11GB 770.3s
#4 sha256:035a286326d65b413051a4c52e7df0037d89f1075f7be98c9586d1c856ace994 1.91GB / 3.11GB 775.4s
#4 sha256:035a286326d65b413051a4c52e7df0037d89f1075f7be98c9586d1c856ace994 1.92GB / 3.11GB 780.5s
#4 sha256:035a286326d65b413051a4c52e7df0037d89f1075f7be98c9586d1c856ace994 1.93GB / 3.11GB 785.6s
#4 sha256:035a286326d65b413051a4c52e7df0037d89f1075f7be98c9586d1c856ace994 1.94GB / 3.11GB 790.7s
#4 sha256:035a286326d65b413051a4c52e7df0037d89f1075f7be98c9586d1c856ace994 1.96GB / 3.11GB 795.8s
#4 sha256:035a286326d65b413051a4c52e7df0037d89f1075f7be98c9586d1c856ace994 1.97GB / 3.11GB 800.9s
#4 sha256:035a286326d65b413051a4c52e7df0037d89f1075f7be98c9586d1c856ace994 1.98GB / 3.11GB 806.0s
#4 sha256:035a286326d65b413051a4c52e7df0037d89f1075f7be98c9586d1c856ace994 1.99GB / 3.11GB 811.1s
#4 sha256:035a286326d65b413051a4c52e7df0037d89f1075f7be98c9586d1c856ace994 2.01GB / 3.11GB 816.2s
#4 sha256:035a286326d65b413051a4c52e7df0037d89f1075f7be98c9586d1c856ace994 2.02GB / 3.11GB 821.3s
#4 sha256:035a286326d65b413051a4c52e7df0037d89f1075f7be98c9586d1c856ace994 2.03GB / 3.11GB 826.4s
#4 sha256:035a286326d65b413051a4c52e7df0037d89f1075f7be98c9586d1c856ace994 2.04GB / 3.11GB 831.5s
#4 sha256:035a286326d65b413051a4c52e7df0037d89f1075f7be98c9586d1c856ace994 2.06GB / 3.11GB 836.6s
#4 sha256:035a286326d65b413051a4c52e7df0037d89f1075f7be98c9586d1c856ace994 2.07GB / 3.11GB 841.7s
#4 sha256:035a286326d65b413051a4c52e7df0037d89f1075f7be98c9586d1c856ace994 2.08GB / 3.11GB 846.8s
#4 sha256:035a286326d65b413051a4c52e7df0037d89f1075f7be98c9586d1c856ace994 2.09GB / 3.11GB 851.9s
#4 sha256:035a286326d65b413051a4c52e7df0037d89f1075f7be98c9586d1c856ace994 2.11GB / 3.11GB 857.0s
#4 sha256:035a286326d65b413051a4c52e7df0037d89f1075f7be98c9586d1c856ace994 2.12GB / 3.11GB 862.1s
#4 sha256:035a286326d65b413051a4c52e7df0037d89f1075f7be98c9586d1c856ace994 2.13GB / 3.11GB 867.2s
#4 sha256:035a286326d65b413051a4c52e7df0037d89f1075f7be98c9586d1c856ace994 2.14GB / 3.11GB 872.3s
#4 sha256:035a286326d65b413051a4c52e7df0037d89f1075f7be98c9586d1c856ace994 2.16GB / 3.11GB 877.4s
#4 sha256:035a286326d65b413051a4c52e7df0037d89f1075f7be98c9586d1c856ace994 2.17GB / 3.11GB 882.5s
#4 sha256:035a286326d65b413051a4c52e7df0037d89f1075f7be98c9586d1c856ace994 2.18GB / 3.11GB 887.6s
#4 sha256:035a286326d65b413051a4c52e7df0037d89f1075f7be98c9586d1c856ace994 2.19GB / 3.11GB 892.7s
